<?xml version="1.0" encoding="UTF-8"?>
<!-- Generated by org.testng.reporters.JUnitXMLReporter -->
<testsuite hostname="YP1000555DT" failures="1" tests="2" name="Dealer home Page" time="78.524" errors="0" timestamp="29 Aug 2018 08:07:58 GMT">
  <testcase classname="com.deere.Helpers.Invoke" name="invokeUserCredentials" time="43.918">
    <failure type="java.lang.AssertionError" message="Timeout waiting for Element Load Request to complete.">
      <![CDATA[java.lang.AssertionError: Timeout waiting for Element Load Request to complete.
	at com.deere.Helpers.WaitFactory.WaitForElementToVisible(WaitFactory.java:60)
	at com.deere.Helpers.GenericFactory.utilityMenuAdminClick(GenericFactory.java:265)
	at com.deere.Helpers.Invoke.invokeUserCredentials(Invoke.java:67)
	at java.base/java.util.concurrent.FutureTask.run(FutureTask.java:264)
	at java.base/java.util.concurrent.ThreadPoolExecutor.runWorker(ThreadPoolExecutor.java:1167)
	at java.base/java.util.concurrent.ThreadPoolExecutor$Worker.run(ThreadPoolExecutor.java:641)
	at java.base/java.lang.Thread.run(Thread.java:844)
... Removed 17 stack frames]]>
    </failure>
  </testcase> <!-- invokeUserCredentials -->
  <testcase classname="com.deere.TestCasesFactory.EndImpersonate_TestCase" name="endImpersonateUser" time="0.001"/>
</testsuite> <!-- Dealer home Page -->
