<?xml version="1.0" encoding="UTF-8"?>
<!-- Generated by org.testng.reporters.JUnitXMLReporter -->
<testsuite hostname="YP1000555DT" failures="0" tests="2" name="Dealer mypreferences Page" time="78.212" errors="0" timestamp="29 Aug 2018 08:07:58 GMT">
  <testcase classname="com.deere.Helpers.Invoke" name="invokeUserCredentials" time="42.103"/>
  <testcase classname="com.deere.TestCasesFactory.EndImpersonate_TestCase" name="endImpersonateUser" time="0.001"/>
</testsuite> <!-- Dealer mypreferences Page -->
