<?xml version="1.0" encoding="UTF-8"?>
<!-- Generated by org.testng.reporters.JUnitXMLReporter -->
<testsuite hostname="YP1004039LT" failures="2" tests="12" name="Dealer Path" time="331.18" errors="0" timestamp="5 Nov 2018 06:30:34 GMT">
  <testcase classname="com.deere.TestCasesFactory.Announcement_TestCase" name="verifyAnnouncementTitle" time="249.989"/>
  <testcase classname="com.deere.TestCasesFactory.Announcement_TestCase" name="verifyAnnouncementOnDepartmentUncheck" time="27.666">
    <failure type="java.lang.IndexOutOfBoundsException" message="Index 0 out-of-bounds for length 0">
      <![CDATA[java.lang.IndexOutOfBoundsException: Index 0 out-of-bounds for length 0
	at java.base/jdk.internal.util.Preconditions.outOfBounds(Preconditions.java:64)
	at java.base/jdk.internal.util.Preconditions.outOfBoundsCheckIndex(Preconditions.java:70)
	at java.base/jdk.internal.util.Preconditions.checkIndex(Preconditions.java:248)
	at java.base/java.util.Objects.checkIndex(Objects.java:372)
	at java.base/java.util.ArrayList.get(ArrayList.java:440)
	at com.deere.TestCasesFactory.Announcement_TestCase.verifyAnnouncementOnDepartmentUncheck(Announcement_TestCase.java:74)
	at com.deere.Helpers.IterationTest.testNgSuite(IterationTest.java:56)
	at com.deere.Helpers.Invoke.invokeUserCredentials(Invoke.java:78)
... Removed 45 stack frames]]>
    </failure>
  </testcase> <!-- verifyAnnouncementOnDepartmentUncheck -->
  <testcase classname="com.deere.TestCasesFactory.Announcement_TestCase" name="verifyAnnouncementOnProductUncheck" time="0.067"/>
  <testcase classname="com.deere.TestCasesFactory.Announcement_TestCase" name="verifyAnnouncementHeaderFormat" time="1.584"/>
  <testcase classname="com.deere.TestCasesFactory.Announcement_TestCase" name="verifyAnnouncementPortletEmbededLinks" time="15.421"/>
  <testcase classname="com.deere.TestCasesFactory.Announcement_TestCase" name="verifyOrderOfAnnouncemnts" time="0.398"/>
  <testcase classname="com.deere.TestCasesFactory.Announcement_TestCase" name="verifyAnnouncementCountOnHeader" time="0.168"/>
  <testcase classname="com.deere.TestCasesFactory.Announcement_TestCase" name="verifyReadMoreAndCollapseLinkOnAnnouncement" time="0.39"/>
  <testcase classname="com.deere.TestCasesFactory.Announcement_TestCase" name="verifyExpandAndCollapseLinkOnAnnouncement" time="4.366"/>
  <testcase classname="com.deere.TestCasesFactory.Announcement_TestCase" name="verifyCountryUncheckOfAnnouncementPortletOnHomepage" time="0.029">
    <failure type="java.lang.IndexOutOfBoundsException" message="Index 0 out-of-bounds for length 0">
      <![CDATA[java.lang.IndexOutOfBoundsException: Index 0 out-of-bounds for length 0
	at java.base/jdk.internal.util.Preconditions.outOfBounds(Preconditions.java:64)
	at java.base/jdk.internal.util.Preconditions.outOfBoundsCheckIndex(Preconditions.java:70)
	at java.base/jdk.internal.util.Preconditions.checkIndex(Preconditions.java:248)
	at java.base/java.util.Objects.checkIndex(Objects.java:372)
	at java.base/java.util.ArrayList.get(ArrayList.java:440)
	at com.deere.TestCasesFactory.Announcement_TestCase.verifyCountryUncheckOfAnnouncementPortletOnHomepage(Announcement_TestCase.java:190)
	at com.deere.Helpers.IterationTest.testNgSuite(IterationTest.java:56)
	at com.deere.Helpers.Invoke.invokeUserCredentials(Invoke.java:78)
... Removed 45 stack frames]]>
    </failure>
  </testcase> <!-- verifyCountryUncheckOfAnnouncementPortletOnHomepage -->
  <testcase classname="com.deere.TestCasesFactory.EndImpersonate_TestCase" name="resetMyPreferenceSetting" time="22.564"/>
  <testcase classname="com.deere.TestCasesFactory.EndImpersonate_TestCase" name="endImpersonateUser" time="6.479"/>
</testsuite> <!-- Dealer Path -->
