<?xml version="1.0" encoding="UTF-8"?>
<!-- Generated by org.testng.reporters.JUnitXMLReporter -->
<testsuite hostname="YP1000555DT" failures="36" tests="92" name="Dealer Path Login" time="631.254" errors="0" timestamp="30 Oct 2018 14:50:45 GMT">
  <testcase classname="com.deere.TestCasesFactory.Homepage_TestCase" name="verifyHomepageTitleIsDisplayed" time="0.09"/>
  <testcase classname="com.deere.TestCasesFactory.Homepage_TestCase" name="verifyWelcomeMessageOnHomepage" time="0.062"/>
  <testcase classname="com.deere.TestCasesFactory.Homepage_TestCase" name="checkVerifyTheme" time="2.74"/>
  <testcase classname="com.deere.TestCasesFactory.Homepage_TestCase" name="verifyAlertsAreShowingOnHomepage" time="10.021"/>
  <testcase classname="com.deere.TestCasesFactory.Homepage_TestCase" name="verifyALertHeaderWithTxtIsPresentOnHomepage" time="0.047">
    <failure type="java.lang.NullPointerException">
      <![CDATA[java.lang.NullPointerException
	at com.deere.Helpers.GenericFactory.getTranslation(GenericFactory.java:1879)
	at com.deere.TestCasesFactory.Homepage_TestCase.verifyALertHeaderWithTxtIsPresentOnHomepage(Homepage_TestCase.java:94)
	at com.deere.Helpers.IterationTest.testNgSuite(IterationTest.java:56)
	at com.deere.Helpers.Invoke.invokeUserCredentials(Invoke.java:91)
... Removed 45 stack frames]]>
    </failure>
  </testcase> <!-- verifyALertHeaderWithTxtIsPresentOnHomepage -->
  <testcase classname="com.deere.TestCasesFactory.Homepage_TestCase" name="verifyWarningSignPresentWithAlertHeaderOnHomepage" time="10.063"/>
  <testcase classname="com.deere.TestCasesFactory.Homepage_TestCase" name="verifyHeaderTxtIsInTheUserPrefferedLanguage" time="0.0">
    <failure type="java.lang.NullPointerException">
      <![CDATA[java.lang.NullPointerException
	at com.deere.Helpers.GenericFactory.getTranslation(GenericFactory.java:1879)
	at com.deere.TestCasesFactory.Homepage_TestCase.verifyHeaderTxtIsInTheUserPrefferedLanguage(Homepage_TestCase.java:115)
	at com.deere.Helpers.IterationTest.testNgSuite(IterationTest.java:56)
	at com.deere.Helpers.Invoke.invokeUserCredentials(Invoke.java:91)
... Removed 45 stack frames]]>
    </failure>
  </testcase> <!-- verifyHeaderTxtIsInTheUserPrefferedLanguage -->
  <testcase classname="com.deere.TestCasesFactory.Homepage_TestCase" name="verifyAnnouncementSequenceOnDealerpathHomepage" time="20.204"/>
  <testcase classname="com.deere.TestCasesFactory.Homepage_TestCase" name="verifyAnnouncementOnTheHomePage" time="10.035"/>
  <testcase classname="com.deere.TestCasesFactory.Homepage_TestCase" name="verifyAnnouncementContentIsPresent" time="10.025"/>
  <testcase classname="com.deere.TestCasesFactory.Homepage_TestCase" name="verifyAnnouncementHeaderTextIsInUserPrefferedLang" time="0.0">
    <failure type="java.lang.NullPointerException">
      <![CDATA[java.lang.NullPointerException
	at com.deere.Helpers.GenericFactory.getTranslation(GenericFactory.java:1879)
	at com.deere.TestCasesFactory.Homepage_TestCase.verifyAnnouncementHeaderTextIsInUserPrefferedLang(Homepage_TestCase.java:156)
	at com.deere.Helpers.IterationTest.testNgSuite(IterationTest.java:56)
	at com.deere.Helpers.Invoke.invokeUserCredentials(Invoke.java:91)
... Removed 45 stack frames]]>
    </failure>
  </testcase> <!-- verifyAnnouncementHeaderTextIsInUserPrefferedLang -->
  <testcase classname="com.deere.TestCasesFactory.Homepage_TestCase" name="verifyUtilityMenuLinksOnHomePage" time="0.757"/>
  <testcase classname="com.deere.TestCasesFactory.Homepage_TestCase" name="verifyUtilityButton" time="0.029"/>
  <testcase classname="com.deere.TestCasesFactory.Homepage_TestCase" name="verifyFavouriteHeaderPresentOnHomePage" time="0.416"/>
  <testcase classname="com.deere.TestCasesFactory.Homepage_TestCase" name="verifyFavouriteMessageWhenNoFavouritePresent" time="0.075"/>
  <testcase classname="com.deere.TestCasesFactory.Homepage_TestCase" name="verifyFavouriteIconWhenNoFavouritePresent" time="10.591"/>
  <testcase classname="com.deere.TestCasesFactory.Homepage_TestCase" name="verify_homepagequicklink" time="0.078"/>
  <testcase classname="com.deere.TestCasesFactory.Homepage_TestCase" name="verifyQuickLinkFavouritesDropdown" time="1.178"/>
  <testcase classname="com.deere.TestCasesFactory.Homepage_TestCase" name="verifyDealerPrincipleRole" time="0.62"/>
  <testcase classname="com.deere.TestCasesFactory.Homepage_TestCase" name="verifyProductSegmentsOrder" time="0.453"/>
  <testcase classname="com.deere.TestCasesFactory.Homepage_TestCase" name="verifyNotificationIconHomepage" time="10.38"/>
  <testcase classname="com.deere.TestCasesFactory.Homepage_TestCase" name="verifyNotificationList" time="10.016"/>
  <testcase classname="com.deere.TestCasesFactory.Homepage_TestCase" name="verifyLeftNavigationWindow" time="0.789"/>
  <testcase classname="com.deere.TestCasesFactory.Homepage_TestCase" name="verifyAnnouncementFooterLinksOnHomepage" time="0.501"/>
  <testcase classname="com.deere.TestCasesFactory.Homepage_TestCase" name="verifyCopyrightOfFooterLinksonHomepage" time="0.022"/>
  <testcase classname="com.deere.TestCasesFactory.Homepage_TestCase" name="verifyPopUp" time="0.327"/>
  <testcase classname="com.deere.TestCasesFactory.Homepage_TestCase" name="verifySearchOnHomePageText" time="17.323"/>
  <testcase classname="com.deere.TestCasesFactory.Alerts_TestCase" name="verifyAlertsPortletContent" time="0.0"/>
  <testcase classname="com.deere.TestCasesFactory.Alerts_TestCase" name="verifyAlertsContentFilteredOnProductType" time="0.001"/>
  <testcase classname="com.deere.TestCasesFactory.Alerts_TestCase" name="checkAlertHeaderAndIconDisplayed" time="0.0">
    <failure type="java.lang.NullPointerException">
      <![CDATA[java.lang.NullPointerException
	at com.deere.Helpers.GenericFactory.getTranslation(GenericFactory.java:1868)
	at com.deere.TestCasesFactory.Alerts_TestCase.checkAlertHeaderAndIconDisplayed(Alerts_TestCase.java:89)
	at com.deere.Helpers.IterationTest.testNgSuite(IterationTest.java:56)
	at com.deere.Helpers.Invoke.invokeUserCredentials(Invoke.java:91)
... Removed 45 stack frames]]>
    </failure>
  </testcase> <!-- checkAlertHeaderAndIconDisplayed -->
  <testcase classname="com.deere.TestCasesFactory.Alerts_TestCase" name="checkOrderofPortletsOntheDepartmentPage" time="0.0"/>
  <testcase classname="com.deere.TestCasesFactory.Alerts_TestCase" name="verifyOrderOfAlerts" time="20.788"/>
  <testcase classname="com.deere.TestCasesFactory.Alerts_TestCase" name="verifyAlertsHeaderFormat" time="10.343"/>
  <testcase classname="com.deere.TestCasesFactory.Alerts_TestCase" name="verifyEmbededLinksOntheAlertPortlet" time="10.017">
    <failure type="org.openqa.selenium.NoSuchElementException" message="no such element: Unable to locate element: {&amp;quot;method&amp;quot;:&amp;quot;xpath&amp;quot;,&amp;quot;selector&amp;quot;:&amp;quot;//div[@class=&amp;apos;section warning&amp;apos;]&amp;quot;}
  (Session info: chrome=70.0.3538.77)
  (Driver info: chromedriver=2.37.544315 (730aa6a5fdba159ac9f4c1e8cbc59bf1b5ce12b7),platform=Windows NT 10.0.16299 x86_64) (WARNING: The server did not provide any stacktrace information)
Command duration or timeout: 0 milliseconds
For documentation on this error, please visit: http://seleniumhq.org/exceptions/no_such_element.html
Build info: version: &amp;apos;3.11.0&amp;apos;, revision: &amp;apos;e59cfb3&amp;apos;, time: &amp;apos;2018-03-11T20:33:08.638Z&amp;apos;
System info: host: &amp;apos;YP1000555DT&amp;apos;, ip: &amp;apos;10.8.102.48&amp;apos;, os.name: &amp;apos;Windows 10&amp;apos;, os.arch: &amp;apos;amd64&amp;apos;, os.version: &amp;apos;10.0&amp;apos;, java.version: &amp;apos;9.0.4&amp;apos;
Driver info: org.openqa.selenium.chrome.ChromeDriver
Capabilities {acceptInsecureCerts: false, acceptSslCerts: false, applicationCacheEnabled: false, browserConnectionEnabled: false, browserName: chrome, chrome: {chromedriverVersion: 2.37.544315 (730aa6a5fdba15..., userDataDir: C:\Users\SHRISH~1.BAD\AppDa...}, cssSelectorsEnabled: true, databaseEnabled: false, handlesAlerts: true, hasTouchScreen: false, javascriptEnabled: true, locationContextEnabled: true, mobileEmulationEnabled: false, nativeEvents: true, networkConnectionEnabled: false, pageLoadStrategy: normal, platform: XP, platformName: XP, rotatable: false, setWindowRect: true, takesHeapSnapshot: true, takesScreenshot: true, unexpectedAlertBehaviour: , unhandledPromptBehavior: , version: 70.0.3538.77, webStorageEnabled: true}
Session ID: 4026a079c4ee3e9bd5b86d7e190fc91c
*** Element info: {Using=xpath, value=//div[@class=&amp;apos;section warning&amp;apos;]}">
      <![CDATA[org.openqa.selenium.NoSuchElementException: no such element: Unable to locate element: {"method":"xpath","selector":"//div[@class='section warning']"}
  (Session info: chrome=70.0.3538.77)
  (Driver info: chromedriver=2.37.544315 (730aa6a5fdba159ac9f4c1e8cbc59bf1b5ce12b7),platform=Windows NT 10.0.16299 x86_64) (WARNING: The server did not provide any stacktrace information)
Command duration or timeout: 0 milliseconds
For documentation on this error, please visit: http://seleniumhq.org/exceptions/no_such_element.html
Build info: version: '3.11.0', revision: 'e59cfb3', time: '2018-03-11T20:33:08.638Z'
System info: host: 'YP1000555DT', ip: '10.8.102.48', os.name: 'Windows 10', os.arch: 'amd64', os.version: '10.0', java.version: '9.0.4'
Driver info: org.openqa.selenium.chrome.ChromeDriver
Capabilities {acceptInsecureCerts: false, acceptSslCerts: false, applicationCacheEnabled: false, browserConnectionEnabled: false, browserName: chrome, chrome: {chromedriverVersion: 2.37.544315 (730aa6a5fdba15..., userDataDir: C:\Users\SHRISH~1.BAD\AppDa...}, cssSelectorsEnabled: true, databaseEnabled: false, handlesAlerts: true, hasTouchScreen: false, javascriptEnabled: true, locationContextEnabled: true, mobileEmulationEnabled: false, nativeEvents: true, networkConnectionEnabled: false, pageLoadStrategy: normal, platform: XP, platformName: XP, rotatable: false, setWindowRect: true, takesHeapSnapshot: true, takesScreenshot: true, unexpectedAlertBehaviour: , unhandledPromptBehavior: , version: 70.0.3538.77, webStorageEnabled: true}
Session ID: 4026a079c4ee3e9bd5b86d7e190fc91c
*** Element info: {Using=xpath, value=//div[@class='section warning']}
	at org.openqa.selenium.remote.ErrorHandler.createThrowable(ErrorHandler.java:214)
	at org.openqa.selenium.remote.ErrorHandler.throwIfResponseFailed(ErrorHandler.java:166)
	at org.openqa.selenium.remote.http.JsonHttpResponseCodec.reconstructValue(JsonHttpResponseCodec.java:40)
	at org.openqa.selenium.remote.http.AbstractHttpResponseCodec.decode(AbstractHttpResponseCodec.java:80)
	at org.openqa.selenium.remote.http.AbstractHttpResponseCodec.decode(AbstractHttpResponseCodec.java:44)
	at org.openqa.selenium.remote.HttpCommandExecutor.execute(HttpCommandExecutor.java:158)
	at org.openqa.selenium.remote.service.DriverCommandExecutor.execute(DriverCommandExecutor.java:83)
	at org.openqa.selenium.remote.RemoteWebDriver.execute(RemoteWebDriver.java:545)
	at org.openqa.selenium.remote.RemoteWebDriver.findElement(RemoteWebDriver.java:319)
	at org.openqa.selenium.remote.RemoteWebDriver.findElementByXPath(RemoteWebDriver.java:421)
	at org.openqa.selenium.By$ByXPath.findElement(By.java:361)
	at org.openqa.selenium.remote.RemoteWebDriver.findElement(RemoteWebDriver.java:311)
	at org.openqa.selenium.support.pagefactory.DefaultElementLocator.findElement(DefaultElementLocator.java:69)
	at org.openqa.selenium.support.pagefactory.internal.LocatingElementHandler.invoke(LocatingElementHandler.java:38)
	at com.sun.proxy.$Proxy14.findElements(Unknown Source)
	at com.deere.Helpers.GenericFactory.getLinksFromFrame(GenericFactory.java:524)
	at com.deere.PageFactory.Alerts_POF.verifyEmbededlinks(Alerts_POF.java:1337)
	at com.deere.TestCasesFactory.Alerts_TestCase.verifyEmbededLinksOntheAlertPortlet(Alerts_TestCase.java:133)
	at com.deere.Helpers.IterationTest.testNgSuite(IterationTest.java:56)
	at com.deere.Helpers.Invoke.invokeUserCredentials(Invoke.java:91)
... Removed 48 stack frames]]>
    </failure>
  </testcase> <!-- verifyEmbededLinksOntheAlertPortlet -->
  <testcase classname="com.deere.TestCasesFactory.Alerts_TestCase" name="verifyReadMoreAndCollapseLinkOnAlerts" time="20.462"/>
  <testcase classname="com.deere.TestCasesFactory.Alerts_TestCase" name="VerifyToAlertsOnCountryGroupingHomepage" time="0.0"/>
  <testcase classname="com.deere.TestCasesFactory.Announcement_TestCase" name="verifyAnnouncementTitle" time="0.01"/>
  <testcase classname="com.deere.TestCasesFactory.Announcement_TestCase" name="verifyAnnouncementOnDepartmentUncheck" time="10.55">
    <failure type="java.lang.IndexOutOfBoundsException" message="Index 0 out-of-bounds for length 0">
      <![CDATA[java.lang.IndexOutOfBoundsException: Index 0 out-of-bounds for length 0
	at java.base/jdk.internal.util.Preconditions.outOfBounds(Preconditions.java:64)
	at java.base/jdk.internal.util.Preconditions.outOfBoundsCheckIndex(Preconditions.java:70)
	at java.base/jdk.internal.util.Preconditions.checkIndex(Preconditions.java:248)
	at java.base/java.util.Objects.checkIndex(Objects.java:372)
	at java.base/java.util.ArrayList.get(ArrayList.java:440)
	at com.deere.TestCasesFactory.Announcement_TestCase.verifyAnnouncementOnDepartmentUncheck(Announcement_TestCase.java:74)
	at com.deere.Helpers.IterationTest.testNgSuite(IterationTest.java:56)
	at com.deere.Helpers.Invoke.invokeUserCredentials(Invoke.java:91)
... Removed 45 stack frames]]>
    </failure>
  </testcase> <!-- verifyAnnouncementOnDepartmentUncheck -->
  <testcase classname="com.deere.TestCasesFactory.Announcement_TestCase" name="verifyAnnouncementOnProductUncheck" time="0.023"/>
  <testcase classname="com.deere.TestCasesFactory.Announcement_TestCase" name="verifyAnnouncementHeaderFormat" time="0.365"/>
  <testcase classname="com.deere.TestCasesFactory.Announcement_TestCase" name="verifyAnnouncementPortletEmbededLinks" time="10.049"/>
  <testcase classname="com.deere.TestCasesFactory.Announcement_TestCase" name="verifyOrderOfAnnouncemnts" time="20.149"/>
  <testcase classname="com.deere.TestCasesFactory.Announcement_TestCase" name="verifyAnnouncementCountOnHeader" time="0.048"/>
  <testcase classname="com.deere.TestCasesFactory.Announcement_TestCase" name="verifyReadMoreAndCollapseLinkOnAnnouncement" time="0.0">
    <failure type="java.lang.NullPointerException">
      <![CDATA[java.lang.NullPointerException
	at com.deere.Helpers.GenericFactory.getTranslation(GenericFactory.java:1879)
	at com.deere.PageFactory.Announcements_POF.checkReadMoreAndCollapseLinkForAnnouncement(Announcements_POF.java:1267)
	at com.deere.TestCasesFactory.Announcement_TestCase.verifyReadMoreAndCollapseLinkOnAnnouncement(Announcement_TestCase.java:165)
	at com.deere.Helpers.IterationTest.testNgSuite(IterationTest.java:56)
	at com.deere.Helpers.Invoke.invokeUserCredentials(Invoke.java:91)
... Removed 45 stack frames]]>
    </failure>
  </testcase> <!-- verifyReadMoreAndCollapseLinkOnAnnouncement -->
  <testcase classname="com.deere.TestCasesFactory.Announcement_TestCase" name="verifyExpandAndCollapseLinkOnAnnouncement" time="0.0">
    <failure type="java.lang.NullPointerException">
      <![CDATA[java.lang.NullPointerException
	at com.deere.Helpers.GenericFactory.getTranslation(GenericFactory.java:1879)
	at com.deere.PageFactory.Announcements_POF.verifyExpandAndCollapseLinkOnAnnuoncementPortlet(Announcements_POF.java:1341)
	at com.deere.TestCasesFactory.Announcement_TestCase.verifyExpandAndCollapseLinkOnAnnouncement(Announcement_TestCase.java:176)
	at com.deere.Helpers.IterationTest.testNgSuite(IterationTest.java:56)
	at com.deere.Helpers.Invoke.invokeUserCredentials(Invoke.java:91)
... Removed 45 stack frames]]>
    </failure>
  </testcase> <!-- verifyExpandAndCollapseLinkOnAnnouncement -->
  <testcase classname="com.deere.TestCasesFactory.Announcement_TestCase" name="verifyCountryUncheckOfAnnouncementPortletOnHomepage" time="0.031">
    <failure type="java.lang.IndexOutOfBoundsException" message="Index 0 out-of-bounds for length 0">
      <![CDATA[java.lang.IndexOutOfBoundsException: Index 0 out-of-bounds for length 0
	at java.base/jdk.internal.util.Preconditions.outOfBounds(Preconditions.java:64)
	at java.base/jdk.internal.util.Preconditions.outOfBoundsCheckIndex(Preconditions.java:70)
	at java.base/jdk.internal.util.Preconditions.checkIndex(Preconditions.java:248)
	at java.base/java.util.Objects.checkIndex(Objects.java:372)
	at java.base/java.util.ArrayList.get(ArrayList.java:440)
	at com.deere.TestCasesFactory.Announcement_TestCase.verifyCountryUncheckOfAnnouncementPortletOnHomepage(Announcement_TestCase.java:190)
	at com.deere.Helpers.IterationTest.testNgSuite(IterationTest.java:56)
	at com.deere.Helpers.Invoke.invokeUserCredentials(Invoke.java:91)
... Removed 45 stack frames]]>
    </failure>
  </testcase> <!-- verifyCountryUncheckOfAnnouncementPortletOnHomepage -->
  <testcase classname="com.deere.TestCasesFactory.Favourite_TestCase" name="verifyToCreateFavourite" time="10.076"/>
  <testcase classname="com.deere.TestCasesFactory.MyPreferences_TestCase" name="utilityIsDisplayed" time="0.467"/>
  <testcase classname="com.deere.TestCasesFactory.MyPreferences_TestCase" name="myPreferenceWinIsPresent" time="100.733">
    <failure type="org.openqa.selenium.TimeoutException" message="Expected condition failed: waiting for visibility of [[ChromeDriver: chrome on XP (4026a079c4ee3e9bd5b86d7e190fc91c)] -&amp;gt; id: preference-cancel] (tried for 44 second(s) with 500 milliseconds interval)
Build info: version: &amp;apos;3.11.0&amp;apos;, revision: &amp;apos;e59cfb3&amp;apos;, time: &amp;apos;2018-03-11T20:33:08.638Z&amp;apos;
System info: host: &amp;apos;YP1000555DT&amp;apos;, ip: &amp;apos;10.8.102.48&amp;apos;, os.name: &amp;apos;Windows 10&amp;apos;, os.arch: &amp;apos;amd64&amp;apos;, os.version: &amp;apos;10.0&amp;apos;, java.version: &amp;apos;9.0.4&amp;apos;
Driver info: org.openqa.selenium.chrome.ChromeDriver
Capabilities {acceptInsecureCerts: false, acceptSslCerts: false, applicationCacheEnabled: false, browserConnectionEnabled: false, browserName: chrome, chrome: {chromedriverVersion: 2.37.544315 (730aa6a5fdba15..., userDataDir: C:\Users\SHRISH~1.BAD\AppDa...}, cssSelectorsEnabled: true, databaseEnabled: false, handlesAlerts: true, hasTouchScreen: false, javascriptEnabled: true, locationContextEnabled: true, mobileEmulationEnabled: false, nativeEvents: true, networkConnectionEnabled: false, pageLoadStrategy: normal, platform: XP, platformName: XP, rotatable: false, setWindowRect: true, takesHeapSnapshot: true, takesScreenshot: true, unexpectedAlertBehaviour: , unhandledPromptBehavior: , version: 70.0.3538.77, webStorageEnabled: true}
Session ID: 4026a079c4ee3e9bd5b86d7e190fc91c">
      <![CDATA[org.openqa.selenium.TimeoutException: Expected condition failed: waiting for visibility of [[ChromeDriver: chrome on XP (4026a079c4ee3e9bd5b86d7e190fc91c)] -> id: preference-cancel] (tried for 44 second(s) with 500 milliseconds interval)
Build info: version: '3.11.0', revision: 'e59cfb3', time: '2018-03-11T20:33:08.638Z'
System info: host: 'YP1000555DT', ip: '10.8.102.48', os.name: 'Windows 10', os.arch: 'amd64', os.version: '10.0', java.version: '9.0.4'
Driver info: org.openqa.selenium.chrome.ChromeDriver
Capabilities {acceptInsecureCerts: false, acceptSslCerts: false, applicationCacheEnabled: false, browserConnectionEnabled: false, browserName: chrome, chrome: {chromedriverVersion: 2.37.544315 (730aa6a5fdba15..., userDataDir: C:\Users\SHRISH~1.BAD\AppDa...}, cssSelectorsEnabled: true, databaseEnabled: false, handlesAlerts: true, hasTouchScreen: false, javascriptEnabled: true, locationContextEnabled: true, mobileEmulationEnabled: false, nativeEvents: true, networkConnectionEnabled: false, pageLoadStrategy: normal, platform: XP, platformName: XP, rotatable: false, setWindowRect: true, takesHeapSnapshot: true, takesScreenshot: true, unexpectedAlertBehaviour: , unhandledPromptBehavior: , version: 70.0.3538.77, webStorageEnabled: true}
Session ID: 4026a079c4ee3e9bd5b86d7e190fc91c
	at org.openqa.selenium.support.ui.WebDriverWait.timeoutException(WebDriverWait.java:81)
	at org.openqa.selenium.support.ui.FluentWait.until(FluentWait.java:271)
	at com.deere.Helpers.WaitFactory.waitForElement(WaitFactory.java:184)
	at com.deere.PageFactory.MyPreferences_POF.navigateToHomepage(MyPreferences_POF.java:1953)
	at com.deere.PageFactory.MyPreferences_POF.myPreferenceWinVerification(MyPreferences_POF.java:444)
	at com.deere.TestCasesFactory.MyPreferences_TestCase.myPreferenceWinIsPresent(MyPreferences_TestCase.java:66)
	at com.deere.Helpers.IterationTest.testNgSuite(IterationTest.java:56)
	at com.deere.Helpers.Invoke.invokeUserCredentials(Invoke.java:91)
... Removed 45 stack frames]]>
    </failure>
  </testcase> <!-- myPreferenceWinIsPresent -->
  <testcase classname="com.deere.TestCasesFactory.MyPreferences_TestCase" name="myPreferenceVerification" time="49.348">
    <failure type="java.lang.NullPointerException">
      <![CDATA[java.lang.NullPointerException
	at com.deere.PageFactory.MyPreferences_POF.myPreferenceDeptVerification(MyPreferences_POF.java:598)
	at com.deere.TestCasesFactory.MyPreferences_TestCase.myPreferenceVerification(MyPreferences_TestCase.java:86)
	at com.deere.Helpers.IterationTest.testNgSuite(IterationTest.java:56)
	at com.deere.Helpers.Invoke.invokeUserCredentials(Invoke.java:91)
... Removed 45 stack frames]]>
    </failure>
  </testcase> <!-- myPreferenceVerification -->
  <testcase classname="com.deere.TestCasesFactory.MyPreferences_TestCase" name="myPreferenceLanguageVerification" time="5.126"/>
  <testcase classname="com.deere.TestCasesFactory.MyPreferences_TestCase" name="myPreferenceUrlchangeOnSiteSelection" time="0.169">
    <failure type="org.openqa.selenium.WebDriverException" message="unknown error: Element &amp;lt;h1 class=&amp;quot;app-title&amp;quot;&amp;gt;...&amp;lt;/h1&amp;gt; is not clickable at point (237, 31). Other element would receive the click: &amp;lt;div class=&amp;quot;modal fade in&amp;quot; id=&amp;quot;my-preferences&amp;quot; tabindex=&amp;quot;-1&amp;quot; role=&amp;quot;dialog&amp;quot; aria-labelledby=&amp;quot;myModalLabel&amp;quot; style=&amp;quot;display: block; padding-right: 16px;&amp;quot;&amp;gt;...&amp;lt;/div&amp;gt;
  (Session info: chrome=70.0.3538.77)
  (Driver info: chromedriver=2.37.544315 (730aa6a5fdba159ac9f4c1e8cbc59bf1b5ce12b7),platform=Windows NT 10.0.16299 x86_64) (WARNING: The server did not provide any stacktrace information)
Command duration or timeout: 0 milliseconds
Build info: version: &amp;apos;3.11.0&amp;apos;, revision: &amp;apos;e59cfb3&amp;apos;, time: &amp;apos;2018-03-11T20:33:08.638Z&amp;apos;
System info: host: &amp;apos;YP1000555DT&amp;apos;, ip: &amp;apos;10.8.102.48&amp;apos;, os.name: &amp;apos;Windows 10&amp;apos;, os.arch: &amp;apos;amd64&amp;apos;, os.version: &amp;apos;10.0&amp;apos;, java.version: &amp;apos;9.0.4&amp;apos;
Driver info: org.openqa.selenium.chrome.ChromeDriver
Capabilities {acceptInsecureCerts: false, acceptSslCerts: false, applicationCacheEnabled: false, browserConnectionEnabled: false, browserName: chrome, chrome: {chromedriverVersion: 2.37.544315 (730aa6a5fdba15..., userDataDir: C:\Users\SHRISH~1.BAD\AppDa...}, cssSelectorsEnabled: true, databaseEnabled: false, handlesAlerts: true, hasTouchScreen: false, javascriptEnabled: true, locationContextEnabled: true, mobileEmulationEnabled: false, nativeEvents: true, networkConnectionEnabled: false, pageLoadStrategy: normal, platform: XP, platformName: XP, rotatable: false, setWindowRect: true, takesHeapSnapshot: true, takesScreenshot: true, unexpectedAlertBehaviour: , unhandledPromptBehavior: , version: 70.0.3538.77, webStorageEnabled: true}
Session ID: 4026a079c4ee3e9bd5b86d7e190fc91c">
      <![CDATA[org.openqa.selenium.WebDriverException: unknown error: Element <h1 class="app-title">...</h1> is not clickable at point (237, 31). Other element would receive the click: <div class="modal fade in" id="my-preferences" tabindex="-1" role="dialog" aria-labelledby="myModalLabel" style="display: block; padding-right: 16px;">...</div>
  (Session info: chrome=70.0.3538.77)
  (Driver info: chromedriver=2.37.544315 (730aa6a5fdba159ac9f4c1e8cbc59bf1b5ce12b7),platform=Windows NT 10.0.16299 x86_64) (WARNING: The server did not provide any stacktrace information)
Command duration or timeout: 0 milliseconds
Build info: version: '3.11.0', revision: 'e59cfb3', time: '2018-03-11T20:33:08.638Z'
System info: host: 'YP1000555DT', ip: '10.8.102.48', os.name: 'Windows 10', os.arch: 'amd64', os.version: '10.0', java.version: '9.0.4'
Driver info: org.openqa.selenium.chrome.ChromeDriver
Capabilities {acceptInsecureCerts: false, acceptSslCerts: false, applicationCacheEnabled: false, browserConnectionEnabled: false, browserName: chrome, chrome: {chromedriverVersion: 2.37.544315 (730aa6a5fdba15..., userDataDir: C:\Users\SHRISH~1.BAD\AppDa...}, cssSelectorsEnabled: true, databaseEnabled: false, handlesAlerts: true, hasTouchScreen: false, javascriptEnabled: true, locationContextEnabled: true, mobileEmulationEnabled: false, nativeEvents: true, networkConnectionEnabled: false, pageLoadStrategy: normal, platform: XP, platformName: XP, rotatable: false, setWindowRect: true, takesHeapSnapshot: true, takesScreenshot: true, unexpectedAlertBehaviour: , unhandledPromptBehavior: , version: 70.0.3538.77, webStorageEnabled: true}
Session ID: 4026a079c4ee3e9bd5b86d7e190fc91c
	at org.openqa.selenium.remote.ErrorHandler.createThrowable(ErrorHandler.java:214)
	at org.openqa.selenium.remote.ErrorHandler.throwIfResponseFailed(ErrorHandler.java:166)
	at org.openqa.selenium.remote.http.JsonHttpResponseCodec.reconstructValue(JsonHttpResponseCodec.java:40)
	at org.openqa.selenium.remote.http.AbstractHttpResponseCodec.decode(AbstractHttpResponseCodec.java:80)
	at org.openqa.selenium.remote.http.AbstractHttpResponseCodec.decode(AbstractHttpResponseCodec.java:44)
	at org.openqa.selenium.remote.HttpCommandExecutor.execute(HttpCommandExecutor.java:158)
	at org.openqa.selenium.remote.service.DriverCommandExecutor.execute(DriverCommandExecutor.java:83)
	at org.openqa.selenium.remote.RemoteWebDriver.execute(RemoteWebDriver.java:545)
	at org.openqa.selenium.remote.RemoteWebElement.execute(RemoteWebElement.java:279)
	at org.openqa.selenium.remote.RemoteWebElement.click(RemoteWebElement.java:83)
	at org.openqa.selenium.support.pagefactory.internal.LocatingElementHandler.invoke(LocatingElementHandler.java:51)
	at com.sun.proxy.$Proxy14.click(Unknown Source)
	at com.deere.PageFactory.MyPreferences_POF.myPreferenUrlVerification(MyPreferences_POF.java:1919)
	at com.deere.TestCasesFactory.MyPreferences_TestCase.myPreferenceUrlchangeOnSiteSelection(MyPreferences_TestCase.java:129)
	at com.deere.Helpers.IterationTest.testNgSuite(IterationTest.java:56)
	at com.deere.Helpers.Invoke.invokeUserCredentials(Invoke.java:91)
... Removed 52 stack frames]]>
    </failure>
  </testcase> <!-- myPreferenceUrlchangeOnSiteSelection -->
  <testcase classname="com.deere.TestCasesFactory.MyPreferences_TestCase" name="VerifyPortletlinksformyprefernces" time="2.188"/>
  <testcase classname="com.deere.TestCasesFactory.MyPreferences_TestCase" name="verifyLeftNavigationDeptInactivation" time="59.29"/>
  <testcase classname="com.deere.TestCasesFactory.MyPreferences_TestCase" name="verifyAlertPopUpOnInactivatingAllDept" time="12.778"/>
  <testcase classname="com.deere.TestCasesFactory.MyPreferences_TestCase" name="myPreferenceLangChange" time="47.752"/>
  <testcase classname="com.deere.TestCasesFactory.MyPreferences_TestCase" name="verifyToswitchSite" time="15.222">
    <failure type="java.lang.AssertionError" message="Unable to click on switch site utility link or Element not found">
      <![CDATA[java.lang.AssertionError: Unable to click on switch site utility link or Element not found
	at com.deere.Helpers.GenericFactory.utilityMenuSwitchSiteClick(GenericFactory.java:386)
	at com.deere.PageFactory.MyPreferences_POF.verifySwitchSite(MyPreferences_POF.java:2189)
	at com.deere.TestCasesFactory.MyPreferences_TestCase.verifyToswitchSite(MyPreferences_TestCase.java:196)
	at com.deere.Helpers.IterationTest.testNgSuite(IterationTest.java:56)
	at com.deere.Helpers.Invoke.invokeUserCredentials(Invoke.java:91)
... Removed 46 stack frames]]>
    </failure>
  </testcase> <!-- verifyToswitchSite -->
  <testcase classname="com.deere.TestCasesFactory.MyPreferences_TestCase" name="VerifyRACFpreferedSite" time="50.222"/>
  <testcase classname="com.deere.TestCasesFactory.MyPreferences_TestCase" name="resetMyPreferenceSetting" time="21.616"/>
  <testcase classname="com.deere.TestCasesFactory.ParentIndex_TestCase" name="themePreferenceOnParentIndex" time="0.009">
    <failure type="java.lang.NullPointerException">
      <![CDATA[java.lang.NullPointerException
	at com.deere.Helpers.GenericFactory.getTranslation(GenericFactory.java:1879)
	at com.deere.Helpers.GenericFactory.navigateToIndexPage(GenericFactory.java:2069)
	at com.deere.TestCasesFactory.ParentIndex_TestCase.themePreferenceOnParentIndex(ParentIndex_TestCase.java:42)
	at com.deere.Helpers.IterationTest.testNgSuite(IterationTest.java:56)
	at com.deere.Helpers.Invoke.invokeUserCredentials(Invoke.java:91)
... Removed 45 stack frames]]>
    </failure>
  </testcase> <!-- themePreferenceOnParentIndex -->
  <testcase classname="com.deere.TestCasesFactory.ParentIndex_TestCase" name="myPreferenceLanguageVerification" time="0.0">
    <failure type="java.lang.NullPointerException">
      <![CDATA[java.lang.NullPointerException
	at com.deere.Helpers.GenericFactory.getTranslation(GenericFactory.java:1879)
	at com.deere.Helpers.GenericFactory.navigateToIndexPage(GenericFactory.java:2069)
	at com.deere.TestCasesFactory.ParentIndex_TestCase.myPreferenceLanguageVerification(ParentIndex_TestCase.java:68)
	at com.deere.Helpers.IterationTest.testNgSuite(IterationTest.java:56)
	at com.deere.Helpers.Invoke.invokeUserCredentials(Invoke.java:91)
... Removed 45 stack frames]]>
    </failure>
  </testcase> <!-- myPreferenceLanguageVerification -->
  <testcase classname="com.deere.TestCasesFactory.ParentIndex_TestCase" name="myPreferenceUrlchangeOnSiteSelection" time="0.0">
    <failure type="java.lang.ArrayIndexOutOfBoundsException" message="1">
      <![CDATA[java.lang.ArrayIndexOutOfBoundsException: 1
	at com.deere.TestCasesFactory.ParentIndex_TestCase.myPreferenceUrlchangeOnSiteSelection(ParentIndex_TestCase.java:82)
	at com.deere.Helpers.IterationTest.testNgSuite(IterationTest.java:56)
	at com.deere.Helpers.Invoke.invokeUserCredentials(Invoke.java:91)
... Removed 45 stack frames]]>
    </failure>
  </testcase> <!-- myPreferenceUrlchangeOnSiteSelection -->
  <testcase classname="com.deere.TestCasesFactory.ParentIndex_TestCase" name="verifyNotificationInIndexPage" time="0.0"/>
  <testcase classname="com.deere.TestCasesFactory.ParentIndex_TestCase" name="verifythirdLevelIndexPage" time="0.267"/>
  <testcase classname="com.deere.TestCasesFactory.ParentIndex_TestCase" name="verifycountryGroupIndexPages" time="0.031"/>
  <testcase classname="com.deere.TestCasesFactory.ParentIndex_TestCase" name="verifyDepartmentUncheckOnIndexPage" time="0.079">
    <failure type="org.openqa.selenium.WebDriverException" message="unknown error: Element &amp;lt;div class=&amp;quot;search-icons preferences&amp;quot; id=&amp;quot;js-segments&amp;quot;&amp;gt;&amp;lt;/div&amp;gt; is not clickable at point (1340, 139). Other element would receive the click: &amp;lt;div class=&amp;quot;modal fade in&amp;quot; id=&amp;quot;my-preferences&amp;quot; tabindex=&amp;quot;-1&amp;quot; role=&amp;quot;dialog&amp;quot; aria-labelledby=&amp;quot;myModalLabel&amp;quot; style=&amp;quot;display: block; padding-right: 16px;&amp;quot;&amp;gt;...&amp;lt;/div&amp;gt;
  (Session info: chrome=70.0.3538.77)
  (Driver info: chromedriver=2.37.544315 (730aa6a5fdba159ac9f4c1e8cbc59bf1b5ce12b7),platform=Windows NT 10.0.16299 x86_64) (WARNING: The server did not provide any stacktrace information)
Command duration or timeout: 0 milliseconds
Build info: version: &amp;apos;3.11.0&amp;apos;, revision: &amp;apos;e59cfb3&amp;apos;, time: &amp;apos;2018-03-11T20:33:08.638Z&amp;apos;
System info: host: &amp;apos;YP1000555DT&amp;apos;, ip: &amp;apos;10.8.102.48&amp;apos;, os.name: &amp;apos;Windows 10&amp;apos;, os.arch: &amp;apos;amd64&amp;apos;, os.version: &amp;apos;10.0&amp;apos;, java.version: &amp;apos;9.0.4&amp;apos;
Driver info: org.openqa.selenium.chrome.ChromeDriver
Capabilities {acceptInsecureCerts: false, acceptSslCerts: false, applicationCacheEnabled: false, browserConnectionEnabled: false, browserName: chrome, chrome: {chromedriverVersion: 2.37.544315 (730aa6a5fdba15..., userDataDir: C:\Users\SHRISH~1.BAD\AppDa...}, cssSelectorsEnabled: true, databaseEnabled: false, handlesAlerts: true, hasTouchScreen: false, javascriptEnabled: true, locationContextEnabled: true, mobileEmulationEnabled: false, nativeEvents: true, networkConnectionEnabled: false, pageLoadStrategy: normal, platform: XP, platformName: XP, rotatable: false, setWindowRect: true, takesHeapSnapshot: true, takesScreenshot: true, unexpectedAlertBehaviour: , unhandledPromptBehavior: , version: 70.0.3538.77, webStorageEnabled: true}
Session ID: 4026a079c4ee3e9bd5b86d7e190fc91c">
      <![CDATA[org.openqa.selenium.WebDriverException: unknown error: Element <div class="search-icons preferences" id="js-segments"></div> is not clickable at point (1340, 139). Other element would receive the click: <div class="modal fade in" id="my-preferences" tabindex="-1" role="dialog" aria-labelledby="myModalLabel" style="display: block; padding-right: 16px;">...</div>
  (Session info: chrome=70.0.3538.77)
  (Driver info: chromedriver=2.37.544315 (730aa6a5fdba159ac9f4c1e8cbc59bf1b5ce12b7),platform=Windows NT 10.0.16299 x86_64) (WARNING: The server did not provide any stacktrace information)
Command duration or timeout: 0 milliseconds
Build info: version: '3.11.0', revision: 'e59cfb3', time: '2018-03-11T20:33:08.638Z'
System info: host: 'YP1000555DT', ip: '10.8.102.48', os.name: 'Windows 10', os.arch: 'amd64', os.version: '10.0', java.version: '9.0.4'
Driver info: org.openqa.selenium.chrome.ChromeDriver
Capabilities {acceptInsecureCerts: false, acceptSslCerts: false, applicationCacheEnabled: false, browserConnectionEnabled: false, browserName: chrome, chrome: {chromedriverVersion: 2.37.544315 (730aa6a5fdba15..., userDataDir: C:\Users\SHRISH~1.BAD\AppDa...}, cssSelectorsEnabled: true, databaseEnabled: false, handlesAlerts: true, hasTouchScreen: false, javascriptEnabled: true, locationContextEnabled: true, mobileEmulationEnabled: false, nativeEvents: true, networkConnectionEnabled: false, pageLoadStrategy: normal, platform: XP, platformName: XP, rotatable: false, setWindowRect: true, takesHeapSnapshot: true, takesScreenshot: true, unexpectedAlertBehaviour: , unhandledPromptBehavior: , version: 70.0.3538.77, webStorageEnabled: true}
Session ID: 4026a079c4ee3e9bd5b86d7e190fc91c
	at org.openqa.selenium.remote.ErrorHandler.createThrowable(ErrorHandler.java:214)
	at org.openqa.selenium.remote.ErrorHandler.throwIfResponseFailed(ErrorHandler.java:166)
	at org.openqa.selenium.remote.http.JsonHttpResponseCodec.reconstructValue(JsonHttpResponseCodec.java:40)
	at org.openqa.selenium.remote.http.AbstractHttpResponseCodec.decode(AbstractHttpResponseCodec.java:80)
	at org.openqa.selenium.remote.http.AbstractHttpResponseCodec.decode(AbstractHttpResponseCodec.java:44)
	at org.openqa.selenium.remote.HttpCommandExecutor.execute(HttpCommandExecutor.java:158)
	at org.openqa.selenium.remote.service.DriverCommandExecutor.execute(DriverCommandExecutor.java:83)
	at org.openqa.selenium.remote.RemoteWebDriver.execute(RemoteWebDriver.java:545)
	at org.openqa.selenium.remote.RemoteWebElement.execute(RemoteWebElement.java:279)
	at org.openqa.selenium.remote.RemoteWebElement.click(RemoteWebElement.java:83)
	at com.deere.Helpers.GenericFactory.getCheckBoxValuesAll(GenericFactory.java:3112)
	at com.deere.Helpers.GenericFactory.tocheckAllProducts(GenericFactory.java:3065)
	at com.deere.TestCasesFactory.ParentIndex_TestCase.verifyDepartmentUncheckOnIndexPage(ParentIndex_TestCase.java:330)
	at com.deere.Helpers.IterationTest.testNgSuite(IterationTest.java:56)
	at com.deere.Helpers.Invoke.invokeUserCredentials(Invoke.java:91)
... Removed 49 stack frames]]>
    </failure>
  </testcase> <!-- verifyDepartmentUncheckOnIndexPage -->
  <testcase classname="com.deere.TestCasesFactory.ParentIndex_TestCase" name="verifyLeftNavigation" time="0.0">
    <failure type="java.lang.NullPointerException">
      <![CDATA[java.lang.NullPointerException
	at com.deere.Helpers.GenericFactory.getTranslation(GenericFactory.java:1879)
	at com.deere.Helpers.GenericFactory.navigateToIndexPage(GenericFactory.java:2069)
	at com.deere.TestCasesFactory.ParentIndex_TestCase.verifyLeftNavigation(ParentIndex_TestCase.java:392)
	at com.deere.Helpers.IterationTest.testNgSuite(IterationTest.java:56)
	at com.deere.Helpers.Invoke.invokeUserCredentials(Invoke.java:91)
... Removed 45 stack frames]]>
    </failure>
  </testcase> <!-- verifyLeftNavigation -->
  <testcase classname="com.deere.TestCasesFactory.ChildIndex_TestCase" name="themePreferenceOnChildIndex" time="0.008">
    <failure type="java.lang.NullPointerException">
      <![CDATA[java.lang.NullPointerException
	at com.deere.Helpers.GenericFactory.getTranslation(GenericFactory.java:1879)
	at com.deere.Helpers.GenericFactory.navigateToIndexPage(GenericFactory.java:2069)
	at com.deere.TestCasesFactory.ChildIndex_TestCase.themePreferenceOnChildIndex(ChildIndex_TestCase.java:37)
	at com.deere.Helpers.IterationTest.testNgSuite(IterationTest.java:56)
	at com.deere.Helpers.Invoke.invokeUserCredentials(Invoke.java:91)
... Removed 45 stack frames]]>
    </failure>
  </testcase> <!-- themePreferenceOnChildIndex -->
  <testcase classname="com.deere.TestCasesFactory.ChildIndex_TestCase" name="myPreferenceUrlchangeOnSiteSelection" time="0.0">
    <failure type="java.lang.ArrayIndexOutOfBoundsException" message="1">
      <![CDATA[java.lang.ArrayIndexOutOfBoundsException: 1
	at com.deere.TestCasesFactory.ChildIndex_TestCase.myPreferenceUrlchangeOnSiteSelection(ChildIndex_TestCase.java:61)
	at com.deere.Helpers.IterationTest.testNgSuite(IterationTest.java:56)
	at com.deere.Helpers.Invoke.invokeUserCredentials(Invoke.java:91)
... Removed 45 stack frames]]>
    </failure>
  </testcase> <!-- myPreferenceUrlchangeOnSiteSelection -->
  <testcase classname="com.deere.TestCasesFactory.ChildIndex_TestCase" name="verifyNotificationInIndexPage" time="0.0"/>
  <testcase classname="com.deere.TestCasesFactory.ChildIndex_TestCase" name="verifyLeftNavigation" time="0.0">
    <failure type="java.lang.NullPointerException">
      <![CDATA[java.lang.NullPointerException
	at com.deere.Helpers.GenericFactory.getTranslation(GenericFactory.java:1879)
	at com.deere.Helpers.GenericFactory.navigateToIndexPage(GenericFactory.java:2069)
	at com.deere.TestCasesFactory.ChildIndex_TestCase.verifyLeftNavigation(ChildIndex_TestCase.java:95)
	at com.deere.Helpers.IterationTest.testNgSuite(IterationTest.java:56)
	at com.deere.Helpers.Invoke.invokeUserCredentials(Invoke.java:91)
... Removed 45 stack frames]]>
    </failure>
  </testcase> <!-- verifyLeftNavigation -->
  <testcase classname="com.deere.TestCasesFactory.GrandChildIndex_TestCase" name="themePreferenceOnChildIndex" time="0.001">
    <failure type="java.lang.NullPointerException">
      <![CDATA[java.lang.NullPointerException
	at com.deere.Helpers.GenericFactory.getTranslation(GenericFactory.java:1879)
	at com.deere.Helpers.GenericFactory.navigateToIndexPage(GenericFactory.java:2069)
	at com.deere.TestCasesFactory.GrandChildIndex_TestCase.themePreferenceOnChildIndex(GrandChildIndex_TestCase.java:38)
	at com.deere.Helpers.IterationTest.testNgSuite(IterationTest.java:56)
	at com.deere.Helpers.Invoke.invokeUserCredentials(Invoke.java:91)
... Removed 45 stack frames]]>
    </failure>
  </testcase> <!-- themePreferenceOnChildIndex -->
  <testcase classname="com.deere.TestCasesFactory.GrandChildIndex_TestCase" name="myPreferenceUrlchangeOnSiteSelection" time="0.0">
    <failure type="java.lang.ArrayIndexOutOfBoundsException" message="1">
      <![CDATA[java.lang.ArrayIndexOutOfBoundsException: 1
	at com.deere.TestCasesFactory.GrandChildIndex_TestCase.myPreferenceUrlchangeOnSiteSelection(GrandChildIndex_TestCase.java:63)
	at com.deere.Helpers.IterationTest.testNgSuite(IterationTest.java:56)
	at com.deere.Helpers.Invoke.invokeUserCredentials(Invoke.java:91)
... Removed 45 stack frames]]>
    </failure>
  </testcase> <!-- myPreferenceUrlchangeOnSiteSelection -->
  <testcase classname="com.deere.TestCasesFactory.GrandChildIndex_TestCase" name="verifyLeftNavigation" time="0.0">
    <failure type="java.lang.NullPointerException">
      <![CDATA[java.lang.NullPointerException
	at com.deere.Helpers.GenericFactory.getTranslation(GenericFactory.java:1879)
	at com.deere.Helpers.GenericFactory.navigateToIndexPage(GenericFactory.java:2069)
	at com.deere.TestCasesFactory.GrandChildIndex_TestCase.verifyLeftNavigation(GrandChildIndex_TestCase.java:82)
	at com.deere.Helpers.IterationTest.testNgSuite(IterationTest.java:56)
	at com.deere.Helpers.Invoke.invokeUserCredentials(Invoke.java:91)
... Removed 45 stack frames]]>
    </failure>
  </testcase> <!-- verifyLeftNavigation -->
  <testcase classname="com.deere.TestCasesFactory.GrandChildIndex_TestCase" name="verifyNotificationInIndexPage" time="0.0"/>
  <testcase classname="com.deere.TestCasesFactory.URLSharingTestCases" name="verifyURLSharing" time="0.0">
    <failure type="java.lang.ArrayIndexOutOfBoundsException" message="1">
      <![CDATA[java.lang.ArrayIndexOutOfBoundsException: 1
	at com.deere.TestCasesFactory.URLSharingTestCases.verifyURLSharing(URLSharingTestCases.java:46)
	at com.deere.Helpers.IterationTest.testNgSuite(IterationTest.java:56)
	at com.deere.Helpers.Invoke.invokeUserCredentials(Invoke.java:91)
... Removed 45 stack frames]]>
    </failure>
  </testcase> <!-- verifyURLSharing -->
  <testcase classname="com.deere.TestCasesFactory.PortletLinks_TestCase" name="verifyFilterValiddata" time="0.015">
    <failure type="java.lang.NullPointerException">
      <![CDATA[java.lang.NullPointerException
	at com.deere.PageFactory.PortletLinksPage_POF.verifyFiltervaliddata(PortletLinksPage_POF.java:677)
	at com.deere.TestCasesFactory.PortletLinks_TestCase.verifyFilterValiddata(PortletLinks_TestCase.java:63)
	at com.deere.Helpers.IterationTest.testNgSuite(IterationTest.java:56)
	at com.deere.Helpers.Invoke.invokeUserCredentials(Invoke.java:91)
... Removed 45 stack frames]]>
    </failure>
  </testcase> <!-- verifyFilterValiddata -->
  <testcase classname="com.deere.TestCasesFactory.PortletLinks_TestCase" name="verifyFilterInvaliddata" time="0.001">
    <failure type="java.lang.NullPointerException">
      <![CDATA[java.lang.NullPointerException
	at com.deere.PageFactory.PortletLinksPage_POF.verifyFilterInvaliddata(PortletLinksPage_POF.java:739)
	at com.deere.TestCasesFactory.PortletLinks_TestCase.verifyFilterInvaliddata(PortletLinks_TestCase.java:98)
	at com.deere.Helpers.IterationTest.testNgSuite(IterationTest.java:56)
	at com.deere.Helpers.Invoke.invokeUserCredentials(Invoke.java:91)
... Removed 45 stack frames]]>
    </failure>
  </testcase> <!-- verifyFilterInvaliddata -->
  <testcase classname="com.deere.TestCasesFactory.PortletLinks_TestCase" name="verifySmoothScroll" time="0.0">
    <failure type="java.lang.NullPointerException">
      <![CDATA[java.lang.NullPointerException
	at com.deere.PageFactory.PortletLinksPage_POF.verifySmoothScroll(PortletLinksPage_POF.java:809)
	at com.deere.TestCasesFactory.PortletLinks_TestCase.verifySmoothScroll(PortletLinks_TestCase.java:136)
	at com.deere.Helpers.IterationTest.testNgSuite(IterationTest.java:56)
	at com.deere.Helpers.Invoke.invokeUserCredentials(Invoke.java:91)
... Removed 45 stack frames]]>
    </failure>
  </testcase> <!-- verifySmoothScroll -->
  <testcase classname="com.deere.TestCasesFactory.PortletLinks_TestCase" name="verifyExpandCollapseFolder" time="0.016"/>
  <testcase classname="com.deere.TestCasesFactory.PortletLinks_TestCase" name="verifysessionExpandFolder" time="0.031"/>
  <testcase classname="com.deere.TestCasesFactory.PortletLinks_TestCase" name="verifyFlyOutNavigation" time="0.971"/>
  <testcase classname="com.deere.TestCasesFactory.PortletLinks_TestCase" name="verifyOnChangePrefDept" time="0.0">
    <failure type="java.lang.NullPointerException">
      <![CDATA[java.lang.NullPointerException
	at com.deere.Helpers.GenericFactory.getTranslation(GenericFactory.java:1879)
	at com.deere.TestCasesFactory.PortletLinks_TestCase.verifyOnChangePrefDept(PortletLinks_TestCase.java:297)
	at com.deere.Helpers.IterationTest.testNgSuite(IterationTest.java:56)
	at com.deere.Helpers.Invoke.invokeUserCredentials(Invoke.java:91)
... Removed 45 stack frames]]>
    </failure>
  </testcase> <!-- verifyOnChangePrefDept -->
  <testcase classname="com.deere.TestCasesFactory.PortletLinks_TestCase" name="verifyChangingPrefProd" time="0.423">
    <failure type="org.openqa.selenium.WebDriverException" message="unknown error: Element &amp;lt;div class=&amp;quot;search-icons preferences&amp;quot; id=&amp;quot;js-segments&amp;quot;&amp;gt;&amp;lt;/div&amp;gt; is not clickable at point (1340, 139). Other element would receive the click: &amp;lt;div class=&amp;quot;modal fade in&amp;quot; id=&amp;quot;my-preferences&amp;quot; tabindex=&amp;quot;-1&amp;quot; role=&amp;quot;dialog&amp;quot; aria-labelledby=&amp;quot;myModalLabel&amp;quot; style=&amp;quot;display: block; padding-right: 16px;&amp;quot;&amp;gt;...&amp;lt;/div&amp;gt;
  (Session info: chrome=70.0.3538.77)
  (Driver info: chromedriver=2.37.544315 (730aa6a5fdba159ac9f4c1e8cbc59bf1b5ce12b7),platform=Windows NT 10.0.16299 x86_64) (WARNING: The server did not provide any stacktrace information)
Command duration or timeout: 0 milliseconds
Build info: version: &amp;apos;3.11.0&amp;apos;, revision: &amp;apos;e59cfb3&amp;apos;, time: &amp;apos;2018-03-11T20:33:08.638Z&amp;apos;
System info: host: &amp;apos;YP1000555DT&amp;apos;, ip: &amp;apos;10.8.102.48&amp;apos;, os.name: &amp;apos;Windows 10&amp;apos;, os.arch: &amp;apos;amd64&amp;apos;, os.version: &amp;apos;10.0&amp;apos;, java.version: &amp;apos;9.0.4&amp;apos;
Driver info: org.openqa.selenium.chrome.ChromeDriver
Capabilities {acceptInsecureCerts: false, acceptSslCerts: false, applicationCacheEnabled: false, browserConnectionEnabled: false, browserName: chrome, chrome: {chromedriverVersion: 2.37.544315 (730aa6a5fdba15..., userDataDir: C:\Users\SHRISH~1.BAD\AppDa...}, cssSelectorsEnabled: true, databaseEnabled: false, handlesAlerts: true, hasTouchScreen: false, javascriptEnabled: true, locationContextEnabled: true, mobileEmulationEnabled: false, nativeEvents: true, networkConnectionEnabled: false, pageLoadStrategy: normal, platform: XP, platformName: XP, rotatable: false, setWindowRect: true, takesHeapSnapshot: true, takesScreenshot: true, unexpectedAlertBehaviour: , unhandledPromptBehavior: , version: 70.0.3538.77, webStorageEnabled: true}
Session ID: 4026a079c4ee3e9bd5b86d7e190fc91c">
      <![CDATA[org.openqa.selenium.WebDriverException: unknown error: Element <div class="search-icons preferences" id="js-segments"></div> is not clickable at point (1340, 139). Other element would receive the click: <div class="modal fade in" id="my-preferences" tabindex="-1" role="dialog" aria-labelledby="myModalLabel" style="display: block; padding-right: 16px;">...</div>
  (Session info: chrome=70.0.3538.77)
  (Driver info: chromedriver=2.37.544315 (730aa6a5fdba159ac9f4c1e8cbc59bf1b5ce12b7),platform=Windows NT 10.0.16299 x86_64) (WARNING: The server did not provide any stacktrace information)
Command duration or timeout: 0 milliseconds
Build info: version: '3.11.0', revision: 'e59cfb3', time: '2018-03-11T20:33:08.638Z'
System info: host: 'YP1000555DT', ip: '10.8.102.48', os.name: 'Windows 10', os.arch: 'amd64', os.version: '10.0', java.version: '9.0.4'
Driver info: org.openqa.selenium.chrome.ChromeDriver
Capabilities {acceptInsecureCerts: false, acceptSslCerts: false, applicationCacheEnabled: false, browserConnectionEnabled: false, browserName: chrome, chrome: {chromedriverVersion: 2.37.544315 (730aa6a5fdba15..., userDataDir: C:\Users\SHRISH~1.BAD\AppDa...}, cssSelectorsEnabled: true, databaseEnabled: false, handlesAlerts: true, hasTouchScreen: false, javascriptEnabled: true, locationContextEnabled: true, mobileEmulationEnabled: false, nativeEvents: true, networkConnectionEnabled: false, pageLoadStrategy: normal, platform: XP, platformName: XP, rotatable: false, setWindowRect: true, takesHeapSnapshot: true, takesScreenshot: true, unexpectedAlertBehaviour: , unhandledPromptBehavior: , version: 70.0.3538.77, webStorageEnabled: true}
Session ID: 4026a079c4ee3e9bd5b86d7e190fc91c
	at org.openqa.selenium.remote.ErrorHandler.createThrowable(ErrorHandler.java:214)
	at org.openqa.selenium.remote.ErrorHandler.throwIfResponseFailed(ErrorHandler.java:166)
	at org.openqa.selenium.remote.http.JsonHttpResponseCodec.reconstructValue(JsonHttpResponseCodec.java:40)
	at org.openqa.selenium.remote.http.AbstractHttpResponseCodec.decode(AbstractHttpResponseCodec.java:80)
	at org.openqa.selenium.remote.http.AbstractHttpResponseCodec.decode(AbstractHttpResponseCodec.java:44)
	at org.openqa.selenium.remote.HttpCommandExecutor.execute(HttpCommandExecutor.java:158)
	at org.openqa.selenium.remote.service.DriverCommandExecutor.execute(DriverCommandExecutor.java:83)
	at org.openqa.selenium.remote.RemoteWebDriver.execute(RemoteWebDriver.java:545)
	at org.openqa.selenium.remote.RemoteWebElement.execute(RemoteWebElement.java:279)
	at org.openqa.selenium.remote.RemoteWebElement.click(RemoteWebElement.java:83)
	at com.deere.Helpers.GenericFactory.getCheckBoxValuesAll(GenericFactory.java:3112)
	at com.deere.Helpers.GenericFactory.tocheckAllProducts(GenericFactory.java:3065)
	at com.deere.TestCasesFactory.PortletLinks_TestCase.verifyChangingPrefProd(PortletLinks_TestCase.java:452)
	at com.deere.Helpers.IterationTest.testNgSuite(IterationTest.java:56)
	at com.deere.Helpers.Invoke.invokeUserCredentials(Invoke.java:91)
... Removed 49 stack frames]]>
    </failure>
  </testcase> <!-- verifyChangingPrefProd -->
  <testcase classname="com.deere.TestCasesFactory.PortletLinks_TestCase" name="verifyLandingPage" time="0.063">
    <failure type="org.openqa.selenium.WebDriverException" message="unknown error: Element &amp;lt;div class=&amp;quot;search-icons preferences&amp;quot; id=&amp;quot;js-segments&amp;quot;&amp;gt;&amp;lt;/div&amp;gt; is not clickable at point (1340, 139). Other element would receive the click: &amp;lt;div class=&amp;quot;modal fade in&amp;quot; id=&amp;quot;my-preferences&amp;quot; tabindex=&amp;quot;-1&amp;quot; role=&amp;quot;dialog&amp;quot; aria-labelledby=&amp;quot;myModalLabel&amp;quot; style=&amp;quot;display: block; padding-right: 16px;&amp;quot;&amp;gt;...&amp;lt;/div&amp;gt;
  (Session info: chrome=70.0.3538.77)
  (Driver info: chromedriver=2.37.544315 (730aa6a5fdba159ac9f4c1e8cbc59bf1b5ce12b7),platform=Windows NT 10.0.16299 x86_64) (WARNING: The server did not provide any stacktrace information)
Command duration or timeout: 0 milliseconds
Build info: version: &amp;apos;3.11.0&amp;apos;, revision: &amp;apos;e59cfb3&amp;apos;, time: &amp;apos;2018-03-11T20:33:08.638Z&amp;apos;
System info: host: &amp;apos;YP1000555DT&amp;apos;, ip: &amp;apos;10.8.102.48&amp;apos;, os.name: &amp;apos;Windows 10&amp;apos;, os.arch: &amp;apos;amd64&amp;apos;, os.version: &amp;apos;10.0&amp;apos;, java.version: &amp;apos;9.0.4&amp;apos;
Driver info: org.openqa.selenium.chrome.ChromeDriver
Capabilities {acceptInsecureCerts: false, acceptSslCerts: false, applicationCacheEnabled: false, browserConnectionEnabled: false, browserName: chrome, chrome: {chromedriverVersion: 2.37.544315 (730aa6a5fdba15..., userDataDir: C:\Users\SHRISH~1.BAD\AppDa...}, cssSelectorsEnabled: true, databaseEnabled: false, handlesAlerts: true, hasTouchScreen: false, javascriptEnabled: true, locationContextEnabled: true, mobileEmulationEnabled: false, nativeEvents: true, networkConnectionEnabled: false, pageLoadStrategy: normal, platform: XP, platformName: XP, rotatable: false, setWindowRect: true, takesHeapSnapshot: true, takesScreenshot: true, unexpectedAlertBehaviour: , unhandledPromptBehavior: , version: 70.0.3538.77, webStorageEnabled: true}
Session ID: 4026a079c4ee3e9bd5b86d7e190fc91c">
      <![CDATA[org.openqa.selenium.WebDriverException: unknown error: Element <div class="search-icons preferences" id="js-segments"></div> is not clickable at point (1340, 139). Other element would receive the click: <div class="modal fade in" id="my-preferences" tabindex="-1" role="dialog" aria-labelledby="myModalLabel" style="display: block; padding-right: 16px;">...</div>
  (Session info: chrome=70.0.3538.77)
  (Driver info: chromedriver=2.37.544315 (730aa6a5fdba159ac9f4c1e8cbc59bf1b5ce12b7),platform=Windows NT 10.0.16299 x86_64) (WARNING: The server did not provide any stacktrace information)
Command duration or timeout: 0 milliseconds
Build info: version: '3.11.0', revision: 'e59cfb3', time: '2018-03-11T20:33:08.638Z'
System info: host: 'YP1000555DT', ip: '10.8.102.48', os.name: 'Windows 10', os.arch: 'amd64', os.version: '10.0', java.version: '9.0.4'
Driver info: org.openqa.selenium.chrome.ChromeDriver
Capabilities {acceptInsecureCerts: false, acceptSslCerts: false, applicationCacheEnabled: false, browserConnectionEnabled: false, browserName: chrome, chrome: {chromedriverVersion: 2.37.544315 (730aa6a5fdba15..., userDataDir: C:\Users\SHRISH~1.BAD\AppDa...}, cssSelectorsEnabled: true, databaseEnabled: false, handlesAlerts: true, hasTouchScreen: false, javascriptEnabled: true, locationContextEnabled: true, mobileEmulationEnabled: false, nativeEvents: true, networkConnectionEnabled: false, pageLoadStrategy: normal, platform: XP, platformName: XP, rotatable: false, setWindowRect: true, takesHeapSnapshot: true, takesScreenshot: true, unexpectedAlertBehaviour: , unhandledPromptBehavior: , version: 70.0.3538.77, webStorageEnabled: true}
Session ID: 4026a079c4ee3e9bd5b86d7e190fc91c
	at org.openqa.selenium.remote.ErrorHandler.createThrowable(ErrorHandler.java:214)
	at org.openqa.selenium.remote.ErrorHandler.throwIfResponseFailed(ErrorHandler.java:166)
	at org.openqa.selenium.remote.http.JsonHttpResponseCodec.reconstructValue(JsonHttpResponseCodec.java:40)
	at org.openqa.selenium.remote.http.AbstractHttpResponseCodec.decode(AbstractHttpResponseCodec.java:80)
	at org.openqa.selenium.remote.http.AbstractHttpResponseCodec.decode(AbstractHttpResponseCodec.java:44)
	at org.openqa.selenium.remote.HttpCommandExecutor.execute(HttpCommandExecutor.java:158)
	at org.openqa.selenium.remote.service.DriverCommandExecutor.execute(DriverCommandExecutor.java:83)
	at org.openqa.selenium.remote.RemoteWebDriver.execute(RemoteWebDriver.java:545)
	at org.openqa.selenium.remote.RemoteWebElement.execute(RemoteWebElement.java:279)
	at org.openqa.selenium.remote.RemoteWebElement.click(RemoteWebElement.java:83)
	at com.deere.Helpers.GenericFactory.getCheckBoxValuesAll(GenericFactory.java:3112)
	at com.deere.Helpers.GenericFactory.tocheckAllProducts(GenericFactory.java:3065)
	at com.deere.TestCasesFactory.PortletLinks_TestCase.verifyLandingPage(PortletLinks_TestCase.java:464)
	at com.deere.Helpers.IterationTest.testNgSuite(IterationTest.java:56)
	at com.deere.Helpers.Invoke.invokeUserCredentials(Invoke.java:91)
... Removed 49 stack frames]]>
    </failure>
  </testcase> <!-- verifyLandingPage -->
  <testcase classname="com.deere.TestCasesFactory.PortletLinks_TestCase" name="verifyContentType" time="0.047">
    <failure type="org.openqa.selenium.WebDriverException" message="unknown error: Element &amp;lt;div class=&amp;quot;search-icons preferences&amp;quot; id=&amp;quot;js-segments&amp;quot;&amp;gt;&amp;lt;/div&amp;gt; is not clickable at point (1340, 139). Other element would receive the click: &amp;lt;div class=&amp;quot;modal fade in&amp;quot; id=&amp;quot;my-preferences&amp;quot; tabindex=&amp;quot;-1&amp;quot; role=&amp;quot;dialog&amp;quot; aria-labelledby=&amp;quot;myModalLabel&amp;quot; style=&amp;quot;display: block; padding-right: 16px;&amp;quot;&amp;gt;...&amp;lt;/div&amp;gt;
  (Session info: chrome=70.0.3538.77)
  (Driver info: chromedriver=2.37.544315 (730aa6a5fdba159ac9f4c1e8cbc59bf1b5ce12b7),platform=Windows NT 10.0.16299 x86_64) (WARNING: The server did not provide any stacktrace information)
Command duration or timeout: 0 milliseconds
Build info: version: &amp;apos;3.11.0&amp;apos;, revision: &amp;apos;e59cfb3&amp;apos;, time: &amp;apos;2018-03-11T20:33:08.638Z&amp;apos;
System info: host: &amp;apos;YP1000555DT&amp;apos;, ip: &amp;apos;10.8.102.48&amp;apos;, os.name: &amp;apos;Windows 10&amp;apos;, os.arch: &amp;apos;amd64&amp;apos;, os.version: &amp;apos;10.0&amp;apos;, java.version: &amp;apos;9.0.4&amp;apos;
Driver info: org.openqa.selenium.chrome.ChromeDriver
Capabilities {acceptInsecureCerts: false, acceptSslCerts: false, applicationCacheEnabled: false, browserConnectionEnabled: false, browserName: chrome, chrome: {chromedriverVersion: 2.37.544315 (730aa6a5fdba15..., userDataDir: C:\Users\SHRISH~1.BAD\AppDa...}, cssSelectorsEnabled: true, databaseEnabled: false, handlesAlerts: true, hasTouchScreen: false, javascriptEnabled: true, locationContextEnabled: true, mobileEmulationEnabled: false, nativeEvents: true, networkConnectionEnabled: false, pageLoadStrategy: normal, platform: XP, platformName: XP, rotatable: false, setWindowRect: true, takesHeapSnapshot: true, takesScreenshot: true, unexpectedAlertBehaviour: , unhandledPromptBehavior: , version: 70.0.3538.77, webStorageEnabled: true}
Session ID: 4026a079c4ee3e9bd5b86d7e190fc91c">
      <![CDATA[org.openqa.selenium.WebDriverException: unknown error: Element <div class="search-icons preferences" id="js-segments"></div> is not clickable at point (1340, 139). Other element would receive the click: <div class="modal fade in" id="my-preferences" tabindex="-1" role="dialog" aria-labelledby="myModalLabel" style="display: block; padding-right: 16px;">...</div>
  (Session info: chrome=70.0.3538.77)
  (Driver info: chromedriver=2.37.544315 (730aa6a5fdba159ac9f4c1e8cbc59bf1b5ce12b7),platform=Windows NT 10.0.16299 x86_64) (WARNING: The server did not provide any stacktrace information)
Command duration or timeout: 0 milliseconds
Build info: version: '3.11.0', revision: 'e59cfb3', time: '2018-03-11T20:33:08.638Z'
System info: host: 'YP1000555DT', ip: '10.8.102.48', os.name: 'Windows 10', os.arch: 'amd64', os.version: '10.0', java.version: '9.0.4'
Driver info: org.openqa.selenium.chrome.ChromeDriver
Capabilities {acceptInsecureCerts: false, acceptSslCerts: false, applicationCacheEnabled: false, browserConnectionEnabled: false, browserName: chrome, chrome: {chromedriverVersion: 2.37.544315 (730aa6a5fdba15..., userDataDir: C:\Users\SHRISH~1.BAD\AppDa...}, cssSelectorsEnabled: true, databaseEnabled: false, handlesAlerts: true, hasTouchScreen: false, javascriptEnabled: true, locationContextEnabled: true, mobileEmulationEnabled: false, nativeEvents: true, networkConnectionEnabled: false, pageLoadStrategy: normal, platform: XP, platformName: XP, rotatable: false, setWindowRect: true, takesHeapSnapshot: true, takesScreenshot: true, unexpectedAlertBehaviour: , unhandledPromptBehavior: , version: 70.0.3538.77, webStorageEnabled: true}
Session ID: 4026a079c4ee3e9bd5b86d7e190fc91c
	at org.openqa.selenium.remote.ErrorHandler.createThrowable(ErrorHandler.java:214)
	at org.openqa.selenium.remote.ErrorHandler.throwIfResponseFailed(ErrorHandler.java:166)
	at org.openqa.selenium.remote.http.JsonHttpResponseCodec.reconstructValue(JsonHttpResponseCodec.java:40)
	at org.openqa.selenium.remote.http.AbstractHttpResponseCodec.decode(AbstractHttpResponseCodec.java:80)
	at org.openqa.selenium.remote.http.AbstractHttpResponseCodec.decode(AbstractHttpResponseCodec.java:44)
	at org.openqa.selenium.remote.HttpCommandExecutor.execute(HttpCommandExecutor.java:158)
	at org.openqa.selenium.remote.service.DriverCommandExecutor.execute(DriverCommandExecutor.java:83)
	at org.openqa.selenium.remote.RemoteWebDriver.execute(RemoteWebDriver.java:545)
	at org.openqa.selenium.remote.RemoteWebElement.execute(RemoteWebElement.java:279)
	at org.openqa.selenium.remote.RemoteWebElement.click(RemoteWebElement.java:83)
	at com.deere.Helpers.GenericFactory.getCheckBoxValuesAll(GenericFactory.java:3112)
	at com.deere.Helpers.GenericFactory.tocheckAllProducts(GenericFactory.java:3065)
	at com.deere.TestCasesFactory.PortletLinks_TestCase.verifyContentType(PortletLinks_TestCase.java:522)
	at com.deere.Helpers.IterationTest.testNgSuite(IterationTest.java:56)
	at com.deere.Helpers.Invoke.invokeUserCredentials(Invoke.java:91)
... Removed 49 stack frames]]>
    </failure>
  </testcase> <!-- verifyContentType -->
  <testcase classname="com.deere.TestCasesFactory.PortletLinks_TestCase" name="presentationTemplate" time="0.0">
    <failure type="java.lang.NullPointerException">
      <![CDATA[java.lang.NullPointerException
	at com.deere.Helpers.GenericFactory.getTranslation(GenericFactory.java:1879)
	at com.deere.TestCasesFactory.PortletLinks_TestCase.presentationTemplate(PortletLinks_TestCase.java:606)
	at com.deere.Helpers.IterationTest.testNgSuite(IterationTest.java:56)
	at com.deere.Helpers.Invoke.invokeUserCredentials(Invoke.java:91)
... Removed 45 stack frames]]>
    </failure>
  </testcase> <!-- presentationTemplate -->
  <testcase classname="com.deere.TestCasesFactory.PortletLinks_TestCase" name="sortingTemplate" time="0.0">
    <failure type="java.lang.NullPointerException">
      <![CDATA[java.lang.NullPointerException
	at com.deere.TestCasesFactory.PortletLinks_TestCase.sortingTemplate(PortletLinks_TestCase.java:668)
	at com.deere.Helpers.IterationTest.testNgSuite(IterationTest.java:56)
	at com.deere.Helpers.Invoke.invokeUserCredentials(Invoke.java:91)
... Removed 45 stack frames]]>
    </failure>
  </testcase> <!-- sortingTemplate -->
  <testcase classname="com.deere.TestCasesFactory.PortletLinks_TestCase" name="verifyProdSegmentIndexPages" time="0.0">
    <failure type="java.lang.NullPointerException">
      <![CDATA[java.lang.NullPointerException
	at com.deere.Helpers.GenericFactory.getTranslation(GenericFactory.java:1879)
	at com.deere.TestCasesFactory.PortletLinks_TestCase.verifyProdSegmentIndexPages(PortletLinks_TestCase.java:781)
	at com.deere.Helpers.IterationTest.testNgSuite(IterationTest.java:56)
	at com.deere.Helpers.Invoke.invokeUserCredentials(Invoke.java:91)
... Removed 45 stack frames]]>
    </failure>
  </testcase> <!-- verifyProdSegmentIndexPages -->
  <testcase classname="com.deere.TestCasesFactory.PortletLinks_TestCase" name="VerifyPortletlinks" time="0.14">
    <failure type="org.openqa.selenium.WebDriverException" message="unknown error: Element &amp;lt;div class=&amp;quot;search-icons preferences&amp;quot; id=&amp;quot;js-segments&amp;quot;&amp;gt;&amp;lt;/div&amp;gt; is not clickable at point (1340, 139). Other element would receive the click: &amp;lt;div class=&amp;quot;modal fade in&amp;quot; id=&amp;quot;my-preferences&amp;quot; tabindex=&amp;quot;-1&amp;quot; role=&amp;quot;dialog&amp;quot; aria-labelledby=&amp;quot;myModalLabel&amp;quot; style=&amp;quot;display: block; padding-right: 16px;&amp;quot;&amp;gt;...&amp;lt;/div&amp;gt;
  (Session info: chrome=70.0.3538.77)
  (Driver info: chromedriver=2.37.544315 (730aa6a5fdba159ac9f4c1e8cbc59bf1b5ce12b7),platform=Windows NT 10.0.16299 x86_64) (WARNING: The server did not provide any stacktrace information)
Command duration or timeout: 0 milliseconds
Build info: version: &amp;apos;3.11.0&amp;apos;, revision: &amp;apos;e59cfb3&amp;apos;, time: &amp;apos;2018-03-11T20:33:08.638Z&amp;apos;
System info: host: &amp;apos;YP1000555DT&amp;apos;, ip: &amp;apos;10.8.102.48&amp;apos;, os.name: &amp;apos;Windows 10&amp;apos;, os.arch: &amp;apos;amd64&amp;apos;, os.version: &amp;apos;10.0&amp;apos;, java.version: &amp;apos;9.0.4&amp;apos;
Driver info: org.openqa.selenium.chrome.ChromeDriver
Capabilities {acceptInsecureCerts: false, acceptSslCerts: false, applicationCacheEnabled: false, browserConnectionEnabled: false, browserName: chrome, chrome: {chromedriverVersion: 2.37.544315 (730aa6a5fdba15..., userDataDir: C:\Users\SHRISH~1.BAD\AppDa...}, cssSelectorsEnabled: true, databaseEnabled: false, handlesAlerts: true, hasTouchScreen: false, javascriptEnabled: true, locationContextEnabled: true, mobileEmulationEnabled: false, nativeEvents: true, networkConnectionEnabled: false, pageLoadStrategy: normal, platform: XP, platformName: XP, rotatable: false, setWindowRect: true, takesHeapSnapshot: true, takesScreenshot: true, unexpectedAlertBehaviour: , unhandledPromptBehavior: , version: 70.0.3538.77, webStorageEnabled: true}
Session ID: 4026a079c4ee3e9bd5b86d7e190fc91c">
      <![CDATA[org.openqa.selenium.WebDriverException: unknown error: Element <div class="search-icons preferences" id="js-segments"></div> is not clickable at point (1340, 139). Other element would receive the click: <div class="modal fade in" id="my-preferences" tabindex="-1" role="dialog" aria-labelledby="myModalLabel" style="display: block; padding-right: 16px;">...</div>
  (Session info: chrome=70.0.3538.77)
  (Driver info: chromedriver=2.37.544315 (730aa6a5fdba159ac9f4c1e8cbc59bf1b5ce12b7),platform=Windows NT 10.0.16299 x86_64) (WARNING: The server did not provide any stacktrace information)
Command duration or timeout: 0 milliseconds
Build info: version: '3.11.0', revision: 'e59cfb3', time: '2018-03-11T20:33:08.638Z'
System info: host: 'YP1000555DT', ip: '10.8.102.48', os.name: 'Windows 10', os.arch: 'amd64', os.version: '10.0', java.version: '9.0.4'
Driver info: org.openqa.selenium.chrome.ChromeDriver
Capabilities {acceptInsecureCerts: false, acceptSslCerts: false, applicationCacheEnabled: false, browserConnectionEnabled: false, browserName: chrome, chrome: {chromedriverVersion: 2.37.544315 (730aa6a5fdba15..., userDataDir: C:\Users\SHRISH~1.BAD\AppDa...}, cssSelectorsEnabled: true, databaseEnabled: false, handlesAlerts: true, hasTouchScreen: false, javascriptEnabled: true, locationContextEnabled: true, mobileEmulationEnabled: false, nativeEvents: true, networkConnectionEnabled: false, pageLoadStrategy: normal, platform: XP, platformName: XP, rotatable: false, setWindowRect: true, takesHeapSnapshot: true, takesScreenshot: true, unexpectedAlertBehaviour: , unhandledPromptBehavior: , version: 70.0.3538.77, webStorageEnabled: true}
Session ID: 4026a079c4ee3e9bd5b86d7e190fc91c
	at org.openqa.selenium.remote.ErrorHandler.createThrowable(ErrorHandler.java:214)
	at org.openqa.selenium.remote.ErrorHandler.throwIfResponseFailed(ErrorHandler.java:166)
	at org.openqa.selenium.remote.http.JsonHttpResponseCodec.reconstructValue(JsonHttpResponseCodec.java:40)
	at org.openqa.selenium.remote.http.AbstractHttpResponseCodec.decode(AbstractHttpResponseCodec.java:80)
	at org.openqa.selenium.remote.http.AbstractHttpResponseCodec.decode(AbstractHttpResponseCodec.java:44)
	at org.openqa.selenium.remote.HttpCommandExecutor.execute(HttpCommandExecutor.java:158)
	at org.openqa.selenium.remote.service.DriverCommandExecutor.execute(DriverCommandExecutor.java:83)
	at org.openqa.selenium.remote.RemoteWebDriver.execute(RemoteWebDriver.java:545)
	at org.openqa.selenium.remote.RemoteWebElement.execute(RemoteWebElement.java:279)
	at org.openqa.selenium.remote.RemoteWebElement.click(RemoteWebElement.java:83)
	at com.deere.PageFactory.PortletLinksPage_POF.unCheckProductTypesWithProductCombinations(PortletLinksPage_POF.java:4348)
	at com.deere.TestCasesFactory.PortletLinks_TestCase.VerifyPortletlinks(PortletLinks_TestCase.java:811)
	at com.deere.Helpers.IterationTest.testNgSuite(IterationTest.java:56)
	at com.deere.Helpers.Invoke.invokeUserCredentials(Invoke.java:91)
... Removed 48 stack frames]]>
    </failure>
  </testcase> <!-- VerifyPortletlinks -->
  <testcase classname="com.deere.TestCasesFactory.EndImpersonate_TestCase" name="resetMyPreferenceSetting" time="5.094"/>
  <testcase classname="com.deere.TestCasesFactory.EndImpersonate_TestCase" name="endImpersonateUser" time="0.068"/>
</testsuite> <!-- Dealer Path Login -->
