<?xml version="1.0" encoding="UTF-8"?>
<testng-results total="1" passed="1" failed="0" skipped="0">
  <reporter-output>
    <line>
      <![CDATA[<h3 border=1px; style= width:100%; ></h3><tr font-family:Georgia, Garamond, Serif>  <th width=2l%; border=1px; body bgcolor=#ffff00 background: linear-gradient(green 70% , yellow 15%);> Application URL under test : <a href='https://dealerpathqual.tal.deere.com' target='_blank' > https://dealerpathqual.tal.deere.com</a> </th></tr>]]>
    </line>
    <line>
      <![CDATA[<table id='headerTable'>]]>
    </line>
    <line>
      <![CDATA[<table border=1px; style= width:100%;color=#808080;body bgcolor=#F5DEB3><tr align=center><th width=15% >Login Page</th></tr></table>]]>
    </line>
    <line>
      <![CDATA[<table border=1px; style= width:100%;color=#808080>  <tr font-family:Georgia, Garamond, Serif><th width=2%;body bgcolor=#BDBDBD>Testcase ID</th> <th width=20%;body bgcolor=#BDBDBD>Testcase Description</th> <th width=20%;body bgcolor=#BDBDBD>Input Value</th> <th width=20%;body bgcolor=#BDBDBD>Expected Value</th> <th width=20% ;body bgcolor=#BDBDBD>Actual Value</th> <th width=18% ;body bgcolor=#BDBDBD>Result</th></tr>]]>
    </line>
    <line>
      <![CDATA[<tr id=Login & Homepage><td width=15%>Login & Homepage</td><td width=15%>Verify user login</td><td width=15%>hh01685********</td><td width=15%>User should redirect to homepage</td><td width=15%>no such element: Unable to locate element: {"method":"xpath","selector":"//div[@class='user-info']"}
  (Session info: chrome=70.0.3538.102)
  (Driver info: chromedriver=2.37.544315 (730aa6a5fdba159ac9f4c1e8cbc59bf1b5ce12b7),platform=Windows NT 6.1.7601 SP1 x86_64) (WARNING: The server did not provide any stacktrace information)
Command duration or timeout: 0 milliseconds
For documentation on this error, please visit: http://seleniumhq.org/exceptions/no_such_element.html
Build info: version: '3.14.0', revision: 'aacccce0', time: '2018-08-02T20:19:58.91Z'
System info: host: 'YP1004039LT', ip: '10.8.101.137', os.name: 'Windows 7', os.arch: 'amd64', os.version: '6.1', java.version: '10.0.2'
Driver info: org.openqa.selenium.chrome.ChromeDriver
Capabilities {acceptInsecureCerts: false, acceptSslCerts: false, applicationCacheEnabled: false, browserConnectionEnabled: false, browserName: chrome, chrome: {chromedriverVersion: 2.37.544315 (730aa6a5fdba15..., userDataDir: C:\Users\SHREY~1.CHO\AppDat...}, cssSelectorsEnabled: true, databaseEnabled: false, handlesAlerts: true, hasTouchScreen: false, javascriptEnabled: true, locationContextEnabled: true, mobileEmulationEnabled: false, nativeEvents: true, networkConnectionEnabled: false, pageLoadStrategy: normal, platform: XP, platformName: XP, rotatable: false, setWindowRect: true, takesHeapSnapshot: true, takesScreenshot: true, unexpectedAlertBehaviour: , unhandledPromptBehavior: , version: 70.0.3538.102, webStorageEnabled: true}
Session ID: 3dabc3bb39ef76abcd4c8116902dd73d
*** Element info: {Using=xpath, value=//div[@class='user-info']}</td><td align=center BGCOLOR=#DC143C> <a href='C:\Users\shrey.choudhary\git\repository\DealerPath\Screenshot\Login & Homepage_15-11-2018_18-39-39.png' target='_blank' > Fail </a></td></td>]]>
    </line>
    <line>
      <![CDATA[<tr id=Login & Homepage><td width=15%>Login & Homepage</td><td width=15%>Verify user login</td><td width=15%>hh01685</td><td width=15%>User should redirect to homepage</td><td width=15%>User unable to login due to unknown reason</td><td align=center BGCOLOR=#DC143C> <a href='C:\Users\shrey.choudhary\git\repository\DealerPath\Screenshot\Login & Homepage_15-11-2018_18-39-40.png' target='_blank' > Fail </a></td></td>]]>
    </line>
    <line>
      <![CDATA[</table>]]>
    </line>
  </reporter-output>
  <suite started-at="2018-11-15T13:09:03Z" name="Default suite" finished-at="2018-11-15T13:09:43Z" duration-ms="40735">
    <groups>
    </groups>
    <test started-at="2018-11-15T13:09:03Z" name="Default test" finished-at="2018-11-15T13:09:43Z" duration-ms="40735">
      <class name="com.deere.Helpers.Invoke">
        <test-method is-config="true" signature="systemConfigSetup()[pri:0, instance:com.deere.Helpers.Invoke@5acf93bb]" started-at="2018-11-15T18:39:03Z" name="systemConfigSetup" finished-at="2018-11-15T18:39:23Z" duration-ms="20429" status="PASS">
          <reporter-output>
            <line>
              <![CDATA[<h3 border=1px; style= width:100%; ></h3><tr font-family:Georgia, Garamond, Serif>  <th width=2l%; border=1px; body bgcolor=#ffff00 background: linear-gradient(green 70% , yellow 15%);> Application URL under test : <a href='https://dealerpathqual.tal.deere.com' target='_blank' > https://dealerpathqual.tal.deere.com</a> </th></tr>]]>
            </line>
            <line>
              <![CDATA[<table id='headerTable'>]]>
            </line>
            <line>
              <![CDATA[<table border=1px; style= width:100%;color=#808080;body bgcolor=#F5DEB3><tr align=center><th width=15% >Login Page</th></tr></table>]]>
            </line>
            <line>
              <![CDATA[<table border=1px; style= width:100%;color=#808080>  <tr font-family:Georgia, Garamond, Serif><th width=2%;body bgcolor=#BDBDBD>Testcase ID</th> <th width=20%;body bgcolor=#BDBDBD>Testcase Description</th> <th width=20%;body bgcolor=#BDBDBD>Input Value</th> <th width=20%;body bgcolor=#BDBDBD>Expected Value</th> <th width=20% ;body bgcolor=#BDBDBD>Actual Value</th> <th width=18% ;body bgcolor=#BDBDBD>Result</th></tr>]]>
            </line>
          </reporter-output>
        </test-method> <!-- systemConfigSetup -->
        <test-method signature="invokeUserCredentials()[pri:0, instance:com.deere.Helpers.Invoke@5acf93bb]" started-at="2018-11-15T18:39:23Z" name="invokeUserCredentials" finished-at="2018-11-15T18:39:40Z" duration-ms="16975" status="PASS">
          <reporter-output>
            <line>
              <![CDATA[<tr id=Login & Homepage><td width=15%>Login & Homepage</td><td width=15%>Verify user login</td><td width=15%>hh01685********</td><td width=15%>User should redirect to homepage</td><td width=15%>no such element: Unable to locate element: {"method":"xpath","selector":"//div[@class='user-info']"}
  (Session info: chrome=70.0.3538.102)
  (Driver info: chromedriver=2.37.544315 (730aa6a5fdba159ac9f4c1e8cbc59bf1b5ce12b7),platform=Windows NT 6.1.7601 SP1 x86_64) (WARNING: The server did not provide any stacktrace information)
Command duration or timeout: 0 milliseconds
For documentation on this error, please visit: http://seleniumhq.org/exceptions/no_such_element.html
Build info: version: '3.14.0', revision: 'aacccce0', time: '2018-08-02T20:19:58.91Z'
System info: host: 'YP1004039LT', ip: '10.8.101.137', os.name: 'Windows 7', os.arch: 'amd64', os.version: '6.1', java.version: '10.0.2'
Driver info: org.openqa.selenium.chrome.ChromeDriver
Capabilities {acceptInsecureCerts: false, acceptSslCerts: false, applicationCacheEnabled: false, browserConnectionEnabled: false, browserName: chrome, chrome: {chromedriverVersion: 2.37.544315 (730aa6a5fdba15..., userDataDir: C:\Users\SHREY~1.CHO\AppDat...}, cssSelectorsEnabled: true, databaseEnabled: false, handlesAlerts: true, hasTouchScreen: false, javascriptEnabled: true, locationContextEnabled: true, mobileEmulationEnabled: false, nativeEvents: true, networkConnectionEnabled: false, pageLoadStrategy: normal, platform: XP, platformName: XP, rotatable: false, setWindowRect: true, takesHeapSnapshot: true, takesScreenshot: true, unexpectedAlertBehaviour: , unhandledPromptBehavior: , version: 70.0.3538.102, webStorageEnabled: true}
Session ID: 3dabc3bb39ef76abcd4c8116902dd73d
*** Element info: {Using=xpath, value=//div[@class='user-info']}</td><td align=center BGCOLOR=#DC143C> <a href='C:\Users\shrey.choudhary\git\repository\DealerPath\Screenshot\Login & Homepage_15-11-2018_18-39-39.png' target='_blank' > Fail </a></td></td>]]>
            </line>
            <line>
              <![CDATA[<tr id=Login & Homepage><td width=15%>Login & Homepage</td><td width=15%>Verify user login</td><td width=15%>hh01685</td><td width=15%>User should redirect to homepage</td><td width=15%>User unable to login due to unknown reason</td><td align=center BGCOLOR=#DC143C> <a href='C:\Users\shrey.choudhary\git\repository\DealerPath\Screenshot\Login & Homepage_15-11-2018_18-39-40.png' target='_blank' > Fail </a></td></td>]]>
            </line>
            <line>
              <![CDATA[</table>]]>
            </line>
          </reporter-output>
        </test-method> <!-- invokeUserCredentials -->
        <test-method is-config="true" signature="closeDriver()[pri:0, instance:com.deere.Helpers.Invoke@5acf93bb]" started-at="2018-11-15T18:39:40Z" name="closeDriver" finished-at="2018-11-15T18:39:43Z" duration-ms="3293" status="PASS">
          <reporter-output>
          </reporter-output>
        </test-method> <!-- closeDriver -->
      </class> <!-- com.deere.Helpers.Invoke -->
    </test> <!-- Default test -->
  </suite> <!-- Default suite -->
</testng-results>
