<?xml version="1.0" encoding="UTF-8"?>
<!-- Generated by org.testng.reporters.JUnitReportReporter -->
<testsuite hostname="YP1000555DT" failures="0" tests="9" name="com.deere.TestCasesFactory.Alerts_TestCase" time="577.527" errors="0" timestamp="1 Nov 2018 15:52:24 GMT">
  <testcase classname="com.deere.TestCasesFactory.Alerts_TestCase" name="verifyAlertsPortletContent" time="241.483"/>
  <testcase classname="com.deere.TestCasesFactory.Alerts_TestCase" name="checkOrderofPortletsOntheDepartmentPage" time="30.865"/>
  <testcase classname="com.deere.TestCasesFactory.Alerts_TestCase" name="verifyAlertsHeaderFormat" time="0.658"/>
  <testcase classname="com.deere.TestCasesFactory.Alerts_TestCase" name="verifyEmbededLinksOntheAlertPortlet" time="10.062"/>
  <testcase classname="com.deere.TestCasesFactory.Alerts_TestCase" name="VerifyToAlertsOnCountryGroupingHomepage" time="43.888"/>
  <testcase classname="com.deere.TestCasesFactory.Alerts_TestCase" name="checkAlertHeaderAndIconDisplayed" time="35.251"/>
  <testcase classname="com.deere.TestCasesFactory.Alerts_TestCase" name="verifyAlertsContentFilteredOnProductType" time="184.664"/>
  <testcase classname="com.deere.TestCasesFactory.Alerts_TestCase" name="verifyOrderOfAlerts" time="20.542"/>
  <testcase classname="com.deere.TestCasesFactory.Alerts_TestCase" name="verifyReadMoreAndCollapseLinkOnAlerts" time="10.114"/>
</testsuite> <!-- com.deere.TestCasesFactory.Alerts_TestCase -->
