<?xml version="1.0" encoding="UTF-8"?>
<!-- Generated by org.testng.reporters.JUnitReportReporter -->
<testsuite hostname="YP1000555DT" failures="1" tests="27" name="com.deere.TestCasesFactory.Homepage_TestCase" time="119.111" errors="0" timestamp="1 Nov 2018 15:52:24 GMT">
  <testcase classname="com.deere.TestCasesFactory.Homepage_TestCase" name="verifyLeftNavigationWindow" time="0.507"/>
  <testcase classname="com.deere.TestCasesFactory.Homepage_TestCase" name="verifyPopUp" time="65.456"/>
  <testcase classname="com.deere.TestCasesFactory.Homepage_TestCase" name="verifyAlertsAreShowingOnHomepage" time="0.036"/>
  <testcase classname="com.deere.TestCasesFactory.Homepage_TestCase" name="verifyAnnouncementHeaderTextIsInUserPrefferedLang" time="0.085"/>
  <testcase classname="com.deere.TestCasesFactory.Homepage_TestCase" name="verifyUtilityMenuLinksOnHomePage" time="0.320"/>
  <testcase classname="com.deere.TestCasesFactory.Homepage_TestCase" name="verifyNotificationList" time="2.316"/>
  <testcase classname="com.deere.TestCasesFactory.Homepage_TestCase" name="verifyWelcomeMessageOnHomepage" time="0.069"/>
  <testcase classname="com.deere.TestCasesFactory.Homepage_TestCase" name="verifyAnnouncementContentIsPresent" time="0.062"/>
  <testcase classname="com.deere.TestCasesFactory.Homepage_TestCase" name="verifyFavouriteHeaderPresentOnHomePage" time="10.517"/>
  <testcase classname="com.deere.TestCasesFactory.Homepage_TestCase" name="verify_homepagequicklink" time="0.094"/>
  <testcase classname="com.deere.TestCasesFactory.Homepage_TestCase" name="verifyHeaderTxtIsInTheUserPrefferedLanguage" time="0.049"/>
  <testcase classname="com.deere.TestCasesFactory.Homepage_TestCase" name="checkVerifyTheme" time="2.449"/>
  <testcase classname="com.deere.TestCasesFactory.Homepage_TestCase" name="verifyProductSegmentsOrder" time="0.544"/>
  <testcase classname="com.deere.TestCasesFactory.Homepage_TestCase" name="verifyFavouriteMessageWhenNoFavouritePresent" time="0.162"/>
  <testcase classname="com.deere.TestCasesFactory.Homepage_TestCase" name="verifySearchOnHomePageText" time="13.896"/>
  <testcase classname="com.deere.TestCasesFactory.Homepage_TestCase" name="verifyQuickLinkFavouritesDropdown" time="10.228">
    <failure type="java.lang.NullPointerException">
      <![CDATA[java.lang.NullPointerException
	at com.deere.PageFactory.Favourites_POF.homePageQuickLinkContent(Favourites_POF.java:3402)
	at com.deere.TestCasesFactory.Homepage_TestCase.verifyQuickLinkFavouritesDropdown(Homepage_TestCase.java:262)
	at java.base/jdk.internal.reflect.NativeMethodAccessorImpl.invoke0(Native Method)
	at java.base/jdk.internal.reflect.NativeMethodAccessorImpl.invoke(NativeMethodAccessorImpl.java:62)
	at java.base/jdk.internal.reflect.DelegatingMethodAccessorImpl.invoke(DelegatingMethodAccessorImpl.java:43)
	at java.base/java.lang.reflect.Method.invoke(Method.java:564)
	at org.testng.internal.MethodInvocationHelper.invokeMethod(MethodInvocationHelper.java:84)
	at org.testng.internal.Invoker.invokeMethod(Invoker.java:714)
	at org.testng.internal.Invoker.invokeTestMethod(Invoker.java:901)
	at org.testng.internal.Invoker.invokeTestMethods(Invoker.java:1231)
	at org.testng.internal.TestMethodWorker.invokeTestMethods(TestMethodWorker.java:127)
	at org.testng.internal.TestMethodWorker.run(TestMethodWorker.java:111)
	at org.testng.TestRunner.privateRun(TestRunner.java:767)
	at org.testng.TestRunner.run(TestRunner.java:617)
	at org.testng.SuiteRunner.runTest(SuiteRunner.java:348)
	at org.testng.SuiteRunner.runSequentially(SuiteRunner.java:343)
	at org.testng.SuiteRunner.privateRun(SuiteRunner.java:305)
	at org.testng.SuiteRunner.run(SuiteRunner.java:254)
	at org.testng.SuiteRunnerWorker.runSuite(SuiteRunnerWorker.java:52)
	at org.testng.SuiteRunnerWorker.run(SuiteRunnerWorker.java:86)
	at org.testng.TestNG.runSuitesSequentially(TestNG.java:1224)
	at org.testng.TestNG.runSuitesLocally(TestNG.java:1149)
	at org.testng.TestNG.run(TestNG.java:1057)
	at com.deere.Helpers.IterationTest.testNgSuite(IterationTest.java:56)
	at com.deere.Helpers.Invoke.invokeUserCredentials(Invoke.java:78)
	at java.base/jdk.internal.reflect.NativeMethodAccessorImpl.invoke0(Native Method)
	at java.base/jdk.internal.reflect.NativeMethodAccessorImpl.invoke(NativeMethodAccessorImpl.java:62)
	at java.base/jdk.internal.reflect.DelegatingMethodAccessorImpl.invoke(DelegatingMethodAccessorImpl.java:43)
	at java.base/java.lang.reflect.Method.invoke(Method.java:564)
	at org.testng.internal.MethodInvocationHelper.invokeMethod(MethodInvocationHelper.java:84)
	at org.testng.internal.Invoker.invokeMethod(Invoker.java:714)
	at org.testng.internal.Invoker.invokeTestMethod(Invoker.java:901)
	at org.testng.internal.Invoker.invokeTestMethods(Invoker.java:1231)
	at org.testng.internal.TestMethodWorker.invokeTestMethods(TestMethodWorker.java:127)
	at org.testng.internal.TestMethodWorker.run(TestMethodWorker.java:111)
	at org.testng.TestRunner.privateRun(TestRunner.java:767)
	at org.testng.TestRunner.run(TestRunner.java:617)
	at org.testng.SuiteRunner.runTest(SuiteRunner.java:348)
	at org.testng.SuiteRunner.runSequentially(SuiteRunner.java:343)
	at org.testng.SuiteRunner.privateRun(SuiteRunner.java:305)
	at org.testng.SuiteRunner.run(SuiteRunner.java:254)
	at org.testng.SuiteRunnerWorker.runSuite(SuiteRunnerWorker.java:52)
	at org.testng.SuiteRunnerWorker.run(SuiteRunnerWorker.java:86)
	at org.testng.TestNG.runSuitesSequentially(TestNG.java:1224)
	at org.testng.TestNG.runSuitesLocally(TestNG.java:1149)
	at org.testng.TestNG.run(TestNG.java:1057)
	at org.testng.remote.AbstractRemoteTestNG.run(AbstractRemoteTestNG.java:114)
	at org.testng.remote.RemoteTestNG.initAndRun(RemoteTestNG.java:251)
	at org.testng.remote.RemoteTestNG.main(RemoteTestNG.java:77)
]]>
    </failure>
  </testcase> <!-- verifyQuickLinkFavouritesDropdown -->
  <testcase classname="com.deere.TestCasesFactory.Homepage_TestCase" name="verifyAnnouncementSequenceOnDealerpathHomepage" time="0.553"/>
  <testcase classname="com.deere.TestCasesFactory.Homepage_TestCase" name="verifyAnnouncementFooterLinksOnHomepage" time="10.509"/>
  <testcase classname="com.deere.TestCasesFactory.Homepage_TestCase" name="verifyFavouriteIconWhenNoFavouritePresent" time="0.038"/>
  <testcase classname="com.deere.TestCasesFactory.Homepage_TestCase" name="verifyUtilityButton" time="0.032"/>
  <testcase classname="com.deere.TestCasesFactory.Homepage_TestCase" name="verifyWarningSignPresentWithAlertHeaderOnHomepage" time="0.033"/>
  <testcase classname="com.deere.TestCasesFactory.Homepage_TestCase" name="verifyALertHeaderWithTxtIsPresentOnHomepage" time="0.035"/>
  <testcase classname="com.deere.TestCasesFactory.Homepage_TestCase" name="verifyDealerPrincipleRole" time="0.906"/>
  <testcase classname="com.deere.TestCasesFactory.Homepage_TestCase" name="verifyNotificationIconHomepage" time="0.061"/>
  <testcase classname="com.deere.TestCasesFactory.Homepage_TestCase" name="verifyCopyrightOfFooterLinksonHomepage" time="0.054"/>
  <testcase classname="com.deere.TestCasesFactory.Homepage_TestCase" name="verifyHomepageTitleIsDisplayed" time="0.084"/>
  <testcase classname="com.deere.TestCasesFactory.Homepage_TestCase" name="verifyAnnouncementOnTheHomePage" time="0.016"/>
</testsuite> <!-- com.deere.TestCasesFactory.Homepage_TestCase -->
