<?xml version="1.0" encoding="UTF-8"?>
<!-- Generated by org.testng.reporters.JUnitReportReporter -->
<testsuite hostname="YP1000555DT" failures="0" tests="3" name="com.deere.TestCasesFactory.Favourite_TestCase" time="67.442" errors="0" timestamp="2 Nov 2018 08:33:42 GMT">
  <testcase classname="com.deere.TestCasesFactory.Favourite_TestCase" name="VerifyToFavouriteDifferentLanguagesOnHomepage" time="9.568"/>
  <testcase classname="com.deere.TestCasesFactory.Favourite_TestCase" name="verifyToCreateFavourite" time="23.878"/>
  <testcase classname="com.deere.TestCasesFactory.Favourite_TestCase" name="verifyToRemoveFavouriteLinkfromlinkportlet" time="33.996"/>
</testsuite> <!-- com.deere.TestCasesFactory.Favourite_TestCase -->
