<?xml version="1.0" encoding="UTF-8"?>
<!-- Generated by org.testng.reporters.JUnitReportReporter -->
<testsuite hostname="YP1004039LT" failures="0" tests="2" name="com.deere.TestCasesFactory.EndImpersonate_TestCase" time="29.043" errors="0" timestamp="5 Nov 2018 06:30:34 GMT">
  <testcase classname="com.deere.TestCasesFactory.EndImpersonate_TestCase" name="resetMyPreferenceSetting" time="22.564"/>
  <testcase classname="com.deere.TestCasesFactory.EndImpersonate_TestCase" name="endImpersonateUser" time="6.479"/>
</testsuite> <!-- com.deere.TestCasesFactory.EndImpersonate_TestCase -->
